2023-08-07 19:52:45 INFO::Writing function arguments to log file
2023-08-07 19:52:45 DEBUG::Function arguments
2023-08-07 19:52:45 DEBUG::Output folder: maaslin2_func/t0/treatment_B
2023-08-07 19:52:45 DEBUG::Min Abundance: 0.000000
2023-08-07 19:52:45 DEBUG::Min Prevalence: 0.100000
2023-08-07 19:52:45 DEBUG::Normalization: TSS
2023-08-07 19:52:45 DEBUG::Transform: LOG
2023-08-07 19:52:45 DEBUG::Analysis method: LM
2023-08-07 19:52:45 DEBUG::Max significance: 0.250000
2023-08-07 19:52:45 DEBUG::Random effects:
2023-08-07 19:52:45 DEBUG::Fixed effects: treatment
2023-08-07 19:52:45 DEBUG::Correction method: BH
2023-08-07 19:52:45 DEBUG::Standardize: TRUE
2023-08-07 19:52:45 DEBUG::Cores: 1
2023-08-07 19:52:45 INFO::Verifying options selected are valid
2023-08-07 19:52:45 INFO::Determining format of input files
2023-08-07 19:52:45 INFO::Input format is data samples as columns and metadata samples as rows
2023-08-07 19:52:45 DEBUG::Transformed data so samples are rows
2023-08-07 19:52:45 DEBUG::A total of 12 samples were found in both the data and metadata
2023-08-07 19:52:45 DEBUG::Reordering data/metadata to use same sample ordering
2023-08-07 19:52:45 INFO::Formula for fixed effects: expr ~  treatment
2023-08-07 19:52:45 INFO::Filter data based on min abundance and min prevalence
2023-08-07 19:52:45 INFO::Total samples in data: 12
2023-08-07 19:52:45 INFO::Min samples required with min abundance for a feature not to be filtered: 1.200000
2023-08-07 19:52:45 INFO::Total filtered features: 11
2023-08-07 19:52:45 INFO::Filtered feature names from abundance and prevalence filtering: X..945..Fimbriae, A.toxin.antitoxin.module.cotranscribed.with.DinB, CBSS.205922.3.peg.1809, Heme.and.Siroheme.biosynthesis.in.plants, Iron.III..dicitrate.transport.system.Fec, Mycobacterium.jamboree, Naphtalene.and.antracene.degradation, Pterin.biosynthesis, Salmonella.invasion.locus, Sugar.phosphate.stress.regulation, Tricarballylate.Utilization
2023-08-07 19:52:46 INFO::Total filtered features with variance filtering: 0
2023-08-07 19:52:46 INFO::Filtered feature names from variance filtering:
2023-08-07 19:52:46 INFO::Running selected normalization method: TSS
2023-08-07 19:52:46 INFO::Applying z-score to standardize continuous metadata
2023-08-07 19:52:46 INFO::Running selected transform method: LOG
2023-08-07 19:52:46 INFO::Running selected analysis method: LM
2023-08-07 19:52:46 INFO::Fitting model to feature number 1, X.GlcNAc.2.Catabolic.Operon
2023-08-07 19:52:46 INFO::Fitting model to feature number 2, X2.Ketogluconate.Utilization
2023-08-07 19:52:46 INFO::Fitting model to feature number 3, X2.O.alpha.mannosyl.D.glycerate.utilization
2023-08-07 19:52:46 INFO::Fitting model to feature number 4, X2.phosphoglycolate.salvage
2023-08-07 19:52:46 INFO::Fitting model to feature number 5, X4.Hydroxyphenylacetic.acid.catabolic.pathway
2023-08-07 19:52:46 INFO::Fitting model to feature number 6, X5.FCL.like.protein
2023-08-07 19:52:46 INFO::Fitting model to feature number 7, A.DNA.integrity.scanning.protein.that.co.occurs.with.RadA
2023-08-07 19:52:46 INFO::Fitting model to feature number 8, A.Gammaproteobacteria.Cluster.Relating.to.Translation
2023-08-07 19:52:46 INFO::Fitting model to feature number 9, A.Glutathione.dependent.Thiol.Reductase.Associated.with.a.Step.in.Lysine.Biosynthesis
2023-08-07 19:52:46 INFO::Fitting model to feature number 10, A.Gram.positive.cluster.that.relates.ribosomal.protein.L28P.to.a.set.of.uncharacterized.proteins
2023-08-07 19:52:46 INFO::Fitting model to feature number 11, A.Hypothetical.Protein.Related.to.Proline.Metabolism
2023-08-07 19:52:46 INFO::Fitting model to feature number 12, A.TRAP.transporter.and.a.hypothetical
2023-08-07 19:52:46 INFO::Fitting model to feature number 13, A.conserved.operon.linked.to.TyrR.and.possibly.involved.in.virulence
2023-08-07 19:52:46 INFO::Fitting model to feature number 14, ABC.transporter.alkylphosphonate..TC.3.A.1.9.1.
2023-08-07 19:52:46 INFO::Fitting model to feature number 15, ABC.transporter.branched.chain.amino.acid..TC.3.A.1.4.1.
2023-08-07 19:52:46 INFO::Fitting model to feature number 16, ABC.transporter.dipeptide..TC.3.A.1.5.2.
2023-08-07 19:52:46 INFO::Fitting model to feature number 17, ABC.transporter.oligopeptide..TC.3.A.1.5.1.
2023-08-07 19:52:46 INFO::Fitting model to feature number 18, ABC.transporter.tungstate..TC.3.A.1.6.2.
2023-08-07 19:52:46 INFO::Fitting model to feature number 19, ATP.dependent.Nuclease
2023-08-07 19:52:46 INFO::Fitting model to feature number 20, ATP.dependent.RNA.helicases..bacterial
2023-08-07 19:52:46 INFO::Fitting model to feature number 21, ATP.dependent.efflux.pump.transporter.Ybh
2023-08-07 19:52:46 INFO::Fitting model to feature number 22, Accessory.colonization.factor
2023-08-07 19:52:46 INFO::Fitting model to feature number 23, Acetoin..butanediol.metabolism
2023-08-07 19:52:46 INFO::Fitting model to feature number 24, Acetone.Butanol.Ethanol.Synthesis
2023-08-07 19:52:46 INFO::Fitting model to feature number 25, Acetyl.CoA.fermentation.to.Butyrate
2023-08-07 19:52:46 INFO::Fitting model to feature number 26, Acyl.CoA.thioesterase.II
2023-08-07 19:52:46 INFO::Fitting model to feature number 27, Adaptation.to.d.cysteine
2023-08-07 19:52:46 INFO::Fitting model to feature number 28, Adenosyl.nucleosidases
2023-08-07 19:52:46 INFO::Fitting model to feature number 29, Adhesins.in.Staphylococcus
2023-08-07 19:52:46 INFO::Fitting model to feature number 30, Adhesion.of.Campylobacter
2023-08-07 19:52:46 INFO::Fitting model to feature number 31, Alanine.biosynthesis
2023-08-07 19:52:46 INFO::Fitting model to feature number 32, Alginate.metabolism
2023-08-07 19:52:46 INFO::Fitting model to feature number 33, Alkaloid.biosynthesis.from.L.lysine
2023-08-07 19:52:46 INFO::Fitting model to feature number 34, Alkanesulfonate.assimilation
2023-08-07 19:52:46 INFO::Fitting model to feature number 35, Alkanesulfonates.Utilization
2023-08-07 19:52:46 INFO::Fitting model to feature number 36, Alkylphosphonate.utilization
2023-08-07 19:52:46 INFO::Fitting model to feature number 37, Allantoin.Utilization
2023-08-07 19:52:46 INFO::Fitting model to feature number 38, Alpha.Amylase.locus.in.Streptocococcus
2023-08-07 19:52:46 INFO::Fitting model to feature number 39, Alpha.acetolactate.operon
2023-08-07 19:52:46 INFO::Fitting model to feature number 40, Amino.acid.racemase
2023-08-07 19:52:46 INFO::Fitting model to feature number 41, Aminoglycoside.adenylyltransferases
2023-08-07 19:52:46 INFO::Fitting model to feature number 42, Ammonia.assimilation
2023-08-07 19:52:46 INFO::Fitting model to feature number 43, An.Arabinose.Sensor
2023-08-07 19:52:46 INFO::Fitting model to feature number 44, Anaerobic.Oxidative.Degradation.of.L.Ornithine
2023-08-07 19:52:46 INFO::Fitting model to feature number 45, Anaerobic.benzoate.metabolism
2023-08-07 19:52:46 INFO::Fitting model to feature number 46, Anaerobic.respiratory.reductases
2023-08-07 19:52:46 INFO::Fitting model to feature number 47, Archaeal.lipids
2023-08-07 19:52:46 INFO::Fitting model to feature number 48, Archaeal.membrane.bound.hydrogenases
2023-08-07 19:52:46 INFO::Fitting model to feature number 49, Arginine.Biosynthesis.extended
2023-08-07 19:52:46 INFO::Fitting model to feature number 50, Arginine.Deiminase.Pathway
2023-08-07 19:52:46 INFO::Fitting model to feature number 51, Arginine.and.Ornithine.Degradation
2023-08-07 19:52:46 INFO::Fitting model to feature number 52, Aromatic.Amin.Catabolism
2023-08-07 19:52:46 INFO::Fitting model to feature number 53, Aromatic.amino.acid.degradation
2023-08-07 19:52:46 INFO::Fitting model to feature number 54, Aromatic.amino.acid.interconversions.with.aryl.acids
2023-08-07 19:52:46 INFO::Fitting model to feature number 55, Arsenic.resistance
2023-08-07 19:52:46 INFO::Fitting model to feature number 56, At1g01770
2023-08-07 19:52:46 INFO::Fitting model to feature number 57, At1g14345
2023-08-07 19:52:46 INFO::Fitting model to feature number 58, At1g21350
2023-08-07 19:52:46 INFO::Fitting model to feature number 59, At1g26220.At1g32070
2023-08-07 19:52:46 INFO::Fitting model to feature number 60, At1g48360
2023-08-07 19:52:46 INFO::Fitting model to feature number 61, At1g54520
2023-08-07 19:52:46 INFO::Fitting model to feature number 62, At1g69340.At2g40600
2023-08-07 19:52:46 INFO::Fitting model to feature number 63, At2g23840
2023-08-07 19:52:46 INFO::Fitting model to feature number 64, At2g25870
2023-08-07 19:52:46 INFO::Fitting model to feature number 65, At2g33980.At1g28960
2023-08-07 19:52:46 INFO::Fitting model to feature number 66, At3g21300
2023-08-07 19:52:46 INFO::Fitting model to feature number 67, At4g10620.At3g57180.At3g47450
2023-08-07 19:52:46 INFO::Fitting model to feature number 68, At5g04520.AT1G06240
2023-08-07 19:52:46 INFO::Fitting model to feature number 69, At5g37530..CsdL.protein.family.
2023-08-07 19:52:46 INFO::Fitting model to feature number 70, At5g63290
2023-08-07 19:52:46 INFO::Fitting model to feature number 71, Autoinducer.2..AI.2..transport.and.processing..lsrACDBFGE.operon.
2023-08-07 19:52:46 INFO::Fitting model to feature number 72, Auxin.degradation
2023-08-07 19:52:46 INFO::Fitting model to feature number 73, B12.duf71
2023-08-07 19:52:46 INFO::Fitting model to feature number 74, BEY.LIP
2023-08-07 19:52:46 INFO::Fitting model to feature number 75, BOX..RUP.and.SPRITE.repeats.in.Streptococcus.pneumoniae
2023-08-07 19:52:46 INFO::Fitting model to feature number 76, Bacitracin.Stress.Response
2023-08-07 19:52:46 INFO::Fitting model to feature number 77, Bacterial.Cell.Division
2023-08-07 19:52:46 INFO::Fitting model to feature number 78, Bacterial.Chemotaxis
2023-08-07 19:52:46 INFO::Fitting model to feature number 79, Bacterial.Cytoskeleton
2023-08-07 19:52:46 INFO::Fitting model to feature number 80, Bacterial.cyanide.production.and.tolerance.mechanisms
2023-08-07 19:52:46 INFO::Fitting model to feature number 81, Bacterial.hemoglobins
2023-08-07 19:52:46 INFO::Fitting model to feature number 82, Bacterial.motility.Gliding
2023-08-07 19:52:46 INFO::Fitting model to feature number 83, Bacteriocins.in.Lactobacilli
2023-08-07 19:52:46 INFO::Fitting model to feature number 84, Bacteroides.capsular.polysaccharide.transcription.antitermination.proteins
2023-08-07 19:52:46 INFO::Fitting model to feature number 85, Benzoate.catabolism
2023-08-07 19:52:46 INFO::Fitting model to feature number 86, Benzoate.degradation
2023-08-07 19:52:46 INFO::Fitting model to feature number 87, Beta.Glucoside.Metabolism
2023-08-07 19:52:46 INFO::Fitting model to feature number 88, Beta.lactamase
2023-08-07 19:52:46 INFO::Fitting model to feature number 89, Beta.lactamase.cluster.in.Streptococcus
2023-08-07 19:52:46 INFO::Fitting model to feature number 90, Biflavanoid.biosynthesis
2023-08-07 19:52:46 INFO::Fitting model to feature number 91, Biofilm.Adhesin.Biosynthesis
2023-08-07 19:52:46 INFO::Fitting model to feature number 92, Biogenesis.of.c.type.cytochromes
2023-08-07 19:52:46 INFO::Fitting model to feature number 93, Biogenesis.of.cbb3.type.cytochrome.c.oxidases
2023-08-07 19:52:46 INFO::Fitting model to feature number 94, Biogenesis.of.cytochrome.c.oxidases
2023-08-07 19:52:46 INFO::Fitting model to feature number 95, Biotin.biosynthesis
2023-08-07 19:52:46 INFO::Fitting model to feature number 96, Biotin.synthesis...utilization
2023-08-07 19:52:47 INFO::Fitting model to feature number 97, Biphenyl.Degradation
2023-08-07 19:52:47 INFO::Fitting model to feature number 98, BlaR1.Family.Regulatory.Sensor.transducer.Disambiguation
2023-08-07 19:52:47 INFO::Fitting model to feature number 99, Branched.Chain.Amino.Acid.Biosynthesis
2023-08-07 19:52:47 INFO::Fitting model to feature number 100, Broadly.distributed.proteins.not.in.subsystems
2023-08-07 19:52:47 INFO::Fitting model to feature number 101, Butanol.Biosynthesis
2023-08-07 19:52:47 INFO::Fitting model to feature number 102, C.jejuni.colonization.of.chick.caeca
2023-08-07 19:52:47 INFO::Fitting model to feature number 103, CBSS.100226.1.peg.2266
2023-08-07 19:52:47 INFO::Fitting model to feature number 104, CBSS.176299.3.peg.235
2023-08-07 19:52:47 INFO::Fitting model to feature number 105, CBSS.176299.4.peg.1292
2023-08-07 19:52:47 INFO::Fitting model to feature number 106, CBSS.188.1.peg.9880
2023-08-07 19:52:47 INFO::Fitting model to feature number 107, CBSS.194948.1.peg.143
2023-08-07 19:52:47 INFO::Fitting model to feature number 108, CBSS.196164.1.peg.1690
2023-08-07 19:52:47 INFO::Fitting model to feature number 109, CBSS.196164.1.peg.461
2023-08-07 19:52:47 INFO::Fitting model to feature number 110, CBSS.203122.12.peg.188
2023-08-07 19:52:47 INFO::Fitting model to feature number 111, CBSS.211586.1.peg.2357
2023-08-07 19:52:47 INFO::Fitting model to feature number 112, CBSS.211586.1.peg.3133
2023-08-07 19:52:47 INFO::Fitting model to feature number 113, CBSS.216592.1.peg.3534
2023-08-07 19:52:47 INFO::Fitting model to feature number 114, CBSS.216592.1.peg.3937
2023-08-07 19:52:47 INFO::Fitting model to feature number 115, CBSS.222523.1.peg.1311
2023-08-07 19:52:47 INFO::Fitting model to feature number 116, CBSS.243265.1.peg.198
2023-08-07 19:52:47 INFO::Fitting model to feature number 117, CBSS.246196.1.peg.364
2023-08-07 19:52:47 INFO::Fitting model to feature number 118, CBSS.257314.1.peg.488
2023-08-07 19:52:47 INFO::Fitting model to feature number 119, CBSS.257314.1.peg.676
2023-08-07 19:52:47 INFO::Fitting model to feature number 120, CBSS.258594.1.peg.3339
2023-08-07 19:52:47 INFO::Fitting model to feature number 121, CBSS.261594.1.peg.788
2023-08-07 19:52:47 INFO::Fitting model to feature number 122, CBSS.262316.1.peg.2929
2023-08-07 19:52:47 INFO::Fitting model to feature number 123, CBSS.262719.3.peg.410
2023-08-07 19:52:47 INFO::Fitting model to feature number 124, CBSS.265072.7.peg.546
2023-08-07 19:52:47 INFO::Fitting model to feature number 125, CBSS.269482.1.peg.1294
2023-08-07 19:52:47 INFO::Fitting model to feature number 126, CBSS.269799.3.peg.2220
2023-08-07 19:52:47 INFO::Fitting model to feature number 127, CBSS.269801.1.peg.2186
2023-08-07 19:52:47 INFO::Fitting model to feature number 128, CBSS.279010.5.peg.3195
2023-08-07 19:52:47 INFO::Fitting model to feature number 129, CBSS.281090.3.peg.464
2023-08-07 19:52:47 INFO::Fitting model to feature number 130, CBSS.292415.3.peg.2341
2023-08-07 19:52:47 INFO::Fitting model to feature number 131, CBSS.316057.3.peg.1308
2023-08-07 19:52:47 INFO::Fitting model to feature number 132, CBSS.316057.3.peg.563
2023-08-07 19:52:47 INFO::Fitting model to feature number 133, CBSS.316057.3.peg.659
2023-08-07 19:52:47 INFO::Fitting model to feature number 134, CBSS.316275.9.peg.382
2023-08-07 19:52:47 INFO::Fitting model to feature number 135, CBSS.316407.3.peg.1371
2023-08-07 19:52:47 INFO::Fitting model to feature number 136, CBSS.318161.14.peg.2599
2023-08-07 19:52:47 INFO::Fitting model to feature number 137, CBSS.320372.3.peg.6046
2023-08-07 19:52:47 INFO::Fitting model to feature number 138, CBSS.320388.3.peg.3759
2023-08-07 19:52:47 INFO::Fitting model to feature number 139, CBSS.323098.3.peg.2823
2023-08-07 19:52:47 INFO::Fitting model to feature number 140, CBSS.323850.3.peg.3269
2023-08-07 19:52:47 INFO::Fitting model to feature number 141, CBSS.323850.3.peg.3284
2023-08-07 19:52:47 INFO::Fitting model to feature number 142, CBSS.326442.4.peg.1852
2023-08-07 19:52:47 INFO::Fitting model to feature number 143, CBSS.342610.3.peg.1536
2023-08-07 19:52:47 INFO::Fitting model to feature number 144, CBSS.342610.3.peg.283
2023-08-07 19:52:47 INFO::Fitting model to feature number 145, CBSS.344610.3.peg.2335
2023-08-07 19:52:47 INFO::Fitting model to feature number 146, CBSS.350688.3.peg.1509
2023-08-07 19:52:47 INFO::Fitting model to feature number 147, CBSS.354.1.peg.2917
2023-08-07 19:52:47 INFO::Fitting model to feature number 148, CBSS.393121.3.peg.2760
2023-08-07 19:52:47 INFO::Fitting model to feature number 149, CBSS.393130.3.peg.794
2023-08-07 19:52:47 INFO::Fitting model to feature number 150, CBSS.49338.1.peg.459
2023-08-07 19:52:47 INFO::Fitting model to feature number 151, CBSS.498211.3.peg.1514
2023-08-07 19:52:47 INFO::Fitting model to feature number 152, CBSS.502800.3.peg.2785
2023-08-07 19:52:47 INFO::Fitting model to feature number 153, CBSS.52598.3.peg.2843
2023-08-07 19:52:47 INFO::Fitting model to feature number 154, CBSS.56780.10.peg.1536
2023-08-07 19:52:47 INFO::Fitting model to feature number 155, CBSS.584.1.peg.841
2023-08-07 19:52:47 INFO::Fitting model to feature number 156, CBSS.83331.1.peg.3039
2023-08-07 19:52:47 INFO::Fitting model to feature number 157, CBSS.84588.1.peg.1247
2023-08-07 19:52:47 INFO::Fitting model to feature number 158, CBSS.89187.3.peg.2957
2023-08-07 19:52:47 INFO::Fitting model to feature number 159, CLO.thiaminPP.biosynthesis
2023-08-07 19:52:47 INFO::Fitting model to feature number 160, CMP.N.acetylneuraminate.Biosynthesis
2023-08-07 19:52:47 INFO::Fitting model to feature number 161, CO2.uptake..carboxysome
2023-08-07 19:52:47 INFO::Fitting model to feature number 162, COG0277
2023-08-07 19:52:47 INFO::Fitting model to feature number 163, COG1836
2023-08-07 19:52:47 INFO::Fitting model to feature number 164, COG2016
2023-08-07 19:52:47 INFO::Fitting model to feature number 165, COG2363
2023-08-07 19:52:47 INFO::Fitting model to feature number 166, CRISPR.associated.cluster
2023-08-07 19:52:47 INFO::Fitting model to feature number 167, CRISPRs
2023-08-07 19:52:47 INFO::Fitting model to feature number 168, CXXX.repeat.peptide.maturase.system
2023-08-07 19:52:47 INFO::Fitting model to feature number 169, Cadmium.resistance
2023-08-07 19:52:47 INFO::Fitting model to feature number 170, Calvin.Benson.cycle
2023-08-07 19:52:47 INFO::Fitting model to feature number 171, Campylobacter.Iron.Metabolism
2023-08-07 19:52:47 INFO::Fitting model to feature number 172, Capsular.Polysaccharide..CPS..of.Campylobacter
2023-08-07 19:52:47 INFO::Fitting model to feature number 173, Capsular.Polysaccharides.Biosynthesis.and.Assembly
2023-08-07 19:52:47 INFO::Fitting model to feature number 174, Capsular.heptose.biosynthesis
2023-08-07 19:52:47 INFO::Fitting model to feature number 175, Capsular.surface.virulence.antigen.loci
2023-08-07 19:52:47 INFO::Fitting model to feature number 176, CarD
2023-08-07 19:52:47 INFO::Fitting model to feature number 177, Carbon.Starvation
2023-08-07 19:52:47 INFO::Fitting model to feature number 178, Carbon.monoxide.induced.hydrogenase
2023-08-07 19:52:47 INFO::Fitting model to feature number 179, Carnitine.Metabolism.in.Microorganisms
2023-08-07 19:52:47 INFO::Fitting model to feature number 180, Carotenoid.biosynthesis
2023-08-07 19:52:47 INFO::Fitting model to feature number 181, Carotenoids
2023-08-07 19:52:47 INFO::Fitting model to feature number 182, Catechol.branch.of.beta.ketoadipate.pathway
2023-08-07 19:52:47 INFO::Fitting model to feature number 183, CbiZ.Main
2023-08-07 19:52:47 INFO::Fitting model to feature number 184, Cell.Division.Cluster
2023-08-07 19:52:47 INFO::Fitting model to feature number 185, Cell.Division.Subsystem.including.YidCD
2023-08-07 19:52:47 INFO::Fitting model to feature number 186, Cell.division.cluster.containing.FtsZ.and.FtsW
2023-08-07 19:52:47 INFO::Fitting model to feature number 187, Cell.division.ribosomal.stress.proteins.cluster
2023-08-07 19:52:47 INFO::Fitting model to feature number 188, Cell.envelope.associated.LytR.CpsA.Psr.transcriptional.attenuators
2023-08-07 19:52:47 INFO::Fitting model to feature number 189, Cellulosome
2023-08-07 19:52:47 INFO::Fitting model to feature number 190, Central.meta.cleavage.pathway.of.aromatic.compound.degradation
2023-08-07 19:52:47 INFO::Fitting model to feature number 191, Chitin.and.N.acetylglucosamine.utilization
2023-08-07 19:52:47 INFO::Fitting model to feature number 192, Chitobiose
2023-08-07 19:52:47 INFO::Fitting model to feature number 193, Chloroaromatic.degradation.pathway
2023-08-07 19:52:47 INFO::Fitting model to feature number 194, Chlorophyll.Biosynthesis.in.plants.and.prokaryotes
2023-08-07 19:52:47 INFO::Fitting model to feature number 195, Choline.Transport
2023-08-07 19:52:47 INFO::Fitting model to feature number 196, Choline.and.Betaine.Uptake.and.Betaine.Biosynthesis
2023-08-07 19:52:47 INFO::Fitting model to feature number 197, Chorismate.Synthesis
2023-08-07 19:52:47 INFO::Fitting model to feature number 198, Cinnamic.Acid.Degradation
2023-08-07 19:52:47 INFO::Fitting model to feature number 199, CitAB
2023-08-07 19:52:47 INFO::Fitting model to feature number 200, Citrate.Metabolism.KE2
2023-08-07 19:52:47 INFO::Fitting model to feature number 201, Cluster.Ytf.and.putative.sugar.transporter
2023-08-07 19:52:47 INFO::Fitting model to feature number 202, Cluster.based.Subsystem.Grouping.Hypotheticals...perhaps.Proteosome.Related
2023-08-07 19:52:47 INFO::Fitting model to feature number 203, Cobalamin
2023-08-07 19:52:47 INFO::Fitting model to feature number 204, Cobalamin.synthesis
2023-08-07 19:52:47 INFO::Fitting model to feature number 205, Cobalt.zinc.cadmium.resistance
2023-08-07 19:52:47 INFO::Fitting model to feature number 206, Coenzyme.A.Biosynthesis
2023-08-07 19:52:47 INFO::Fitting model to feature number 207, Coenzyme.B.synthesis
2023-08-07 19:52:47 INFO::Fitting model to feature number 208, Coenzyme.B12.biosynthesis
2023-08-07 19:52:47 INFO::Fitting model to feature number 209, Coenzyme.F420.hydrogenase
2023-08-07 19:52:47 INFO::Fitting model to feature number 210, Coenzyme.F420.synthesis
2023-08-07 19:52:47 INFO::Fitting model to feature number 211, Coenzyme.PQQ.synthesis
2023-08-07 19:52:47 INFO::Fitting model to feature number 212, CoenzymeM.Archaea
2023-08-07 19:52:47 INFO::Fitting model to feature number 213, Colanic.acid.biosynthesis
2023-08-07 19:52:47 INFO::Fitting model to feature number 214, Cold.shock..CspA.family.of.proteins
2023-08-07 19:52:47 INFO::Fitting model to feature number 215, Colicin.V.and.Bacteriocin.Production.Cluster
2023-08-07 19:52:47 INFO::Fitting model to feature number 216, Colonization.factor.antigen.I.fimbriae
2023-08-07 19:52:47 INFO::Fitting model to feature number 217, Commensurate.regulon.activation
2023-08-07 19:52:47 INFO::Fitting model to feature number 218, Common.Pathway.For.Synthesis.of.Aromatic.Compounds..DAHP.synthase.to.chorismate.
2023-08-07 19:52:47 INFO::Fitting model to feature number 219, Competence.in.Streptococci
2023-08-07 19:52:47 INFO::Fitting model to feature number 220, Competence.or.DNA.damage.inducible.protein.CinA.and.related.protein.families
2023-08-07 19:52:47 INFO::Fitting model to feature number 221, Conjugative.transposon..Bacteroidales
2023-08-07 19:52:47 INFO::Fitting model to feature number 222, Conserved.cluster.around.inner.membrane.protein.gene.yghQ..probably.involved.in.polysaccharide.biosynthesis
2023-08-07 19:52:47 INFO::Fitting model to feature number 223, Conserved.gene.cluster.possibly.involved.in.RNA.metabolism
2023-08-07 19:52:47 INFO::Fitting model to feature number 224, Control.of.cell.elongation...division.cycle.in.Bacilli
2023-08-07 19:52:47 INFO::Fitting model to feature number 225, Copper.homeostasis
2023-08-07 19:52:47 INFO::Fitting model to feature number 226, Copper.homeostasis..copper.tolerance
2023-08-07 19:52:47 INFO::Fitting model to feature number 227, Creatine.and.Creatinine.Degradation
2023-08-07 19:52:47 INFO::Fitting model to feature number 228, Curli.production
2023-08-07 19:52:47 INFO::Fitting model to feature number 229, Cyanate.hydrolysis
2023-08-07 19:52:47 INFO::Fitting model to feature number 230, Cyanobacterial.Circadian.Clock
2023-08-07 19:52:47 INFO::Fitting model to feature number 231, Cyanobacterial.bypass.in.the.TCA
2023-08-07 19:52:47 INFO::Fitting model to feature number 232, Cyanophycin.Metabolism
2023-08-07 19:52:47 INFO::Fitting model to feature number 233, Cysteine.Biosynthesis
2023-08-07 19:52:47 INFO::Fitting model to feature number 234, Cysteine.Biosynthesis..MCB.432
2023-08-07 19:52:47 INFO::Fitting model to feature number 235, CytR.regulation
2023-08-07 19:52:47 INFO::Fitting model to feature number 236, D.Alanyl.Lipoteichoic.Acid.Biosynthesis
2023-08-07 19:52:47 INFO::Fitting model to feature number 237, D.Galacturonate.and.D.Glucuronate.Utilization
2023-08-07 19:52:47 INFO::Fitting model to feature number 238, D.Sorbitol.D.Glucitol..and.L.Sorbose.Utilization
2023-08-07 19:52:47 INFO::Fitting model to feature number 239, D.Tagatose.and.Galactitol.Utilization
2023-08-07 19:52:47 INFO::Fitting model to feature number 240, D.allose.utilization
2023-08-07 19:52:47 INFO::Fitting model to feature number 241, D.galactarate..D.glucarate.and.D.glycerate.catabolism
2023-08-07 19:52:47 INFO::Fitting model to feature number 242, D.galactarate..D.glucarate.and.D.glycerate.catabolism...gjo
2023-08-07 19:52:47 INFO::Fitting model to feature number 243, D.galactonate.catabolism
2023-08-07 19:52:47 INFO::Fitting model to feature number 244, D.gluconate.and.ketogluconates.metabolism
2023-08-07 19:52:48 INFO::Fitting model to feature number 245, D.glucosaminate.utilization
2023-08-07 19:52:48 INFO::Fitting model to feature number 246, D.ribose.utilization
2023-08-07 19:52:48 INFO::Fitting model to feature number 247, D.tyrosyl.tRNA.Tyr..deacylase
2023-08-07 19:52:48 INFO::Fitting model to feature number 248, DNA.Repair.Base.Excision
2023-08-07 19:52:48 INFO::Fitting model to feature number 249, DNA.phosphorothioation
2023-08-07 19:52:48 INFO::Fitting model to feature number 250, DNA.processing.cluster
2023-08-07 19:52:48 INFO::Fitting model to feature number 251, DNA.recombination..archaeal
2023-08-07 19:52:48 INFO::Fitting model to feature number 252, DNA.repair..UvrABC.system
2023-08-07 19:52:48 INFO::Fitting model to feature number 253, DNA.repair..bacterial
2023-08-07 19:52:48 INFO::Fitting model to feature number 254, DNA.repair..bacterial.DinG.and.relatives
2023-08-07 19:52:48 INFO::Fitting model to feature number 255, DNA.repair..bacterial.MutL.MutS.system
2023-08-07 19:52:48 INFO::Fitting model to feature number 256, DNA.repair..bacterial.RecBCD.pathway
2023-08-07 19:52:48 INFO::Fitting model to feature number 257, DNA.repair..bacterial.RecFOR.pathway
2023-08-07 19:52:48 INFO::Fitting model to feature number 258, DNA.repair..bacterial.UmuCD.system
2023-08-07 19:52:48 INFO::Fitting model to feature number 259, DNA.repair..bacterial.UvrD.and.related.helicases
2023-08-07 19:52:48 INFO::Fitting model to feature number 260, DNA.repair..bacterial.photolyase
2023-08-07 19:52:48 INFO::Fitting model to feature number 261, DNA.replication..archaeal
2023-08-07 19:52:48 INFO::Fitting model to feature number 262, DNA.structural.proteins..bacterial
2023-08-07 19:52:48 INFO::Fitting model to feature number 263, DNA.topoisomerases..Type.I..ATP.independent
2023-08-07 19:52:48 INFO::Fitting model to feature number 264, DNA.topoisomerases..Type.II..ATP.dependent
2023-08-07 19:52:48 INFO::Fitting model to feature number 265, DNA.binding.regulatory.proteins..strays
2023-08-07 19:52:48 INFO::Fitting model to feature number 266, DNA.replication
2023-08-07 19:52:48 INFO::Fitting model to feature number 267, De.Novo.Purine.Biosynthesis
2023-08-07 19:52:48 INFO::Fitting model to feature number 268, De.Novo.Pyrimidine.Synthesis
2023-08-07 19:52:48 INFO::Fitting model to feature number 269, Dehydrogenase.complexes
2023-08-07 19:52:48 INFO::Fitting model to feature number 270, Denitrification
2023-08-07 19:52:48 INFO::Fitting model to feature number 271, Deoxyribose.and.Deoxynucleoside.Catabolism
2023-08-07 19:52:48 INFO::Fitting model to feature number 272, Diadenylate.cyclase.cluster
2023-08-07 19:52:48 INFO::Fitting model to feature number 273, Dihydroxyacetone.kinases
2023-08-07 19:52:48 INFO::Fitting model to feature number 274, Dimethylarginine.metabolism
2023-08-07 19:52:48 INFO::Fitting model to feature number 275, Diphthamide.biosynthesis
2023-08-07 19:52:48 INFO::Fitting model to feature number 276, Dipicolinate.Synthesis
2023-08-07 19:52:48 INFO::Fitting model to feature number 277, Dissimilatory.nitrite.reductase
2023-08-07 19:52:48 INFO::Fitting model to feature number 278, EC.2.7.1...Phosphotransferases.with.an.alcohol.group.as.acceptor
2023-08-07 19:52:48 INFO::Fitting model to feature number 279, EC.3.4.11...Aminopeptidases
2023-08-07 19:52:48 INFO::Fitting model to feature number 280, EC.3.4.13...Dipeptidases
2023-08-07 19:52:48 INFO::Fitting model to feature number 281, EC.3.4.17...Metallocarboxypeptidases
2023-08-07 19:52:48 INFO::Fitting model to feature number 282, EC.3.4.19...Omega.peptidases
2023-08-07 19:52:48 INFO::Fitting model to feature number 283, EC.3.4.21...Serine.endopeptidase
2023-08-07 19:52:48 INFO::Fitting model to feature number 284, EC.4..1..1...Carboxy.lyases
2023-08-07 19:52:48 INFO::Fitting model to feature number 285, EC.4.1.2...Aldehyde.lyases
2023-08-07 19:52:48 INFO::Fitting model to feature number 286, EC.4.1.3...Oxo.acid.lyases
2023-08-07 19:52:48 INFO::Fitting model to feature number 287, EC.6.3.4...Ligases.that.form.carbon.nitrogen.bonds
2023-08-07 19:52:48 INFO::Fitting model to feature number 288, EC.6.4.1...Ligases.that.form.carbon.carbon.bonds
2023-08-07 19:52:48 INFO::Fitting model to feature number 289, EC699.706
2023-08-07 19:52:48 INFO::Fitting model to feature number 290, ECF.class.transporters
2023-08-07 19:52:48 INFO::Fitting model to feature number 291, ESAT.6.proteins.secretion.system.in.Firmicutes
2023-08-07 19:52:48 INFO::Fitting model to feature number 292, ESAT.6.proteins.secretion.system.in.Mycobacteria..locus.ESX.1.
2023-08-07 19:52:48 INFO::Fitting model to feature number 293, Ectoine.biosynthesis.and.regulation
2023-08-07 19:52:48 INFO::Fitting model to feature number 294, Energy.conserving.hydrogenase.b..Methanococcales.Methanobacteriales.Methanopyrales
2023-08-07 19:52:48 INFO::Fitting model to feature number 295, Energy.conserving.hydrogenase..Methanococcales.Methanobacteriales.Methanopyrales
2023-08-07 19:52:48 INFO::Fitting model to feature number 296, Energy.conserving.hydrogenase..ferredoxin.
2023-08-07 19:52:48 INFO::Fitting model to feature number 297, Entner.Doudoroff.Pathway
2023-08-07 19:52:48 INFO::Fitting model to feature number 298, Erythromycin.resistance
2023-08-07 19:52:48 INFO::Fitting model to feature number 299, Ethanolamine.utilization
2023-08-07 19:52:48 INFO::Fitting model to feature number 300, Exopolysaccharide.Biosynthesis
2023-08-07 19:52:48 INFO::Fitting model to feature number 301, Experimental.ThMP.RZ
2023-08-07 19:52:48 INFO::Fitting model to feature number 302, Extracellular.Polysaccharide.Biosynthesis.of.Streptococci
2023-08-07 19:52:48 INFO::Fitting model to feature number 303, F0F1.type.ATP.synthase
2023-08-07 19:52:48 INFO::Fitting model to feature number 304, F1453.mlsummers
2023-08-07 19:52:48 INFO::Fitting model to feature number 305, F420.bobik
2023-08-07 19:52:48 INFO::Fitting model to feature number 306, FOL.Commensurate.regulon.activation
2023-08-07 19:52:48 INFO::Fitting model to feature number 307, Fatty.Acid.Biosynthesis.FASI
2023-08-07 19:52:48 INFO::Fitting model to feature number 308, Fatty.Acid.Biosynthesis.FASII
2023-08-07 19:52:48 INFO::Fitting model to feature number 309, Fatty.acid.degradation.regulons
2023-08-07 19:52:48 INFO::Fitting model to feature number 310, Fe.S.cluster.assembly
2023-08-07 19:52:48 INFO::Fitting model to feature number 311, FeFe.hydrogenase.maturation
2023-08-07 19:52:48 INFO::Fitting model to feature number 312, Fermentations..Lactate
2023-08-07 19:52:48 INFO::Fitting model to feature number 313, Fermentations..Mixed.acid
2023-08-07 19:52:48 INFO::Fitting model to feature number 314, Ferrous.iron.transporter.EfeUOB..low.pH.induced
2023-08-07 19:52:48 INFO::Fitting model to feature number 315, Flagellar.motility
2023-08-07 19:52:48 INFO::Fitting model to feature number 316, Flagellum
2023-08-07 19:52:48 INFO::Fitting model to feature number 317, Flagellum.in.Campylobacter
2023-08-07 19:52:48 INFO::Fitting model to feature number 318, Flavocytochrome.C
2023-08-07 19:52:48 INFO::Fitting model to feature number 319, Flavodoxin
2023-08-07 19:52:48 INFO::Fitting model to feature number 320, Flavohaemoglobin
2023-08-07 19:52:48 INFO::Fitting model to feature number 321, Folate.Biosynthesis
2023-08-07 19:52:48 INFO::Fitting model to feature number 322, FolateExerciseMaizeClassVDC
2023-08-07 19:52:48 INFO::Fitting model to feature number 323, Formaldehyde.assimilation..Ribulose.monophosphate.pathway
2023-08-07 19:52:48 INFO::Fitting model to feature number 324, Formate.dehydrogenase
2023-08-07 19:52:48 INFO::Fitting model to feature number 325, Formate.hydrogenase
2023-08-07 19:52:48 INFO::Fitting model to feature number 326, Fratricide.in.Streptococcus
2023-08-07 19:52:48 INFO::Fitting model to feature number 327, Fructooligosaccharides.FOS..and.Raffinose.Utilization
2023-08-07 19:52:48 INFO::Fitting model to feature number 328, Fructose.and.Mannose.Inducible.PTS
2023-08-07 19:52:48 INFO::Fitting model to feature number 329, Fructose.utilization
2023-08-07 19:52:48 INFO::Fitting model to feature number 330, Fructoselysine..Amadori.product..utilization.pathway
2023-08-07 19:52:48 INFO::Fitting model to feature number 331, GABA.and.putrescine.metabolism.from.cluters
2023-08-07 19:52:48 INFO::Fitting model to feature number 332, Galactose.inducible.PTS
2023-08-07 19:52:48 INFO::Fitting model to feature number 333, Galactosylceramide.and.Sulfatide.metabolism
2023-08-07 19:52:48 INFO::Fitting model to feature number 334, Gallic.acid.utilization
2023-08-07 19:52:48 INFO::Fitting model to feature number 335, General.Secretion.Pathway
2023-08-07 19:52:48 INFO::Fitting model to feature number 336, Gentisate.degradation
2023-08-07 19:52:48 INFO::Fitting model to feature number 337, Glutamate.dehydrogenases
2023-08-07 19:52:48 INFO::Fitting model to feature number 338, Glutamate.transporter.involved.in.acid.tolerance.in.Streptococcus
2023-08-07 19:52:48 INFO::Fitting model to feature number 339, Glutamine.synthetases
2023-08-07 19:52:48 INFO::Fitting model to feature number 340, Glutamine..Glutamate..Aspartate.and.Asparagine.Biosynthesis
2023-08-07 19:52:48 INFO::Fitting model to feature number 341, Glutaredoxins
2023-08-07 19:52:48 INFO::Fitting model to feature number 342, Glutathione.dependent.pathway.of.formaldehyde.detoxification
2023-08-07 19:52:48 INFO::Fitting model to feature number 343, Glutathione.regulated.potassium.efflux.system.and.associated.functions
2023-08-07 19:52:48 INFO::Fitting model to feature number 344, Glutathione..Biosynthesis.and.gamma.glutamyl.cycle
2023-08-07 19:52:48 INFO::Fitting model to feature number 345, Glutathione..Non.redox.reactions
2023-08-07 19:52:48 INFO::Fitting model to feature number 346, Glutathione..Redox.cycle
2023-08-07 19:52:48 INFO::Fitting model to feature number 347, Glutathionylspermidine.and.Trypanothione
2023-08-07 19:52:48 INFO::Fitting model to feature number 348, Glycerate.metabolism
2023-08-07 19:52:48 INFO::Fitting model to feature number 349, Glycerol.and.Glycerol.3.phosphate.Uptake.and.Utilization
2023-08-07 19:52:48 INFO::Fitting model to feature number 350, Glycerol.fermentation.to.1.3.propanediol
2023-08-07 19:52:48 INFO::Fitting model to feature number 351, Glycerolipid.and.Glycerophospholipid.Metabolism.in.Bacteria
2023-08-07 19:52:48 INFO::Fitting model to feature number 352, Glycine.Biosynthesis
2023-08-07 19:52:48 INFO::Fitting model to feature number 353, Glycine.and.Serine.Utilization
2023-08-07 19:52:48 INFO::Fitting model to feature number 354, Glycine.cleavage.system
2023-08-07 19:52:48 INFO::Fitting model to feature number 355, Glycine.reductase..sarcosine.reductase.and.betaine.reductase
2023-08-07 19:52:48 INFO::Fitting model to feature number 356, Glycogen.metabolism
2023-08-07 19:52:48 INFO::Fitting model to feature number 357, Glycolate..glyoxylate.interconversions
2023-08-07 19:52:48 INFO::Fitting model to feature number 358, Glycolysis.and.Gluconeogenesis
2023-08-07 19:52:48 INFO::Fitting model to feature number 359, Glycolysis.and.Gluconeogenesis..including.Archaeal.enzymes
2023-08-07 19:52:48 INFO::Fitting model to feature number 360, Glycolysis.test
2023-08-07 19:52:48 INFO::Fitting model to feature number 361, Glyoxylate.bypass
2023-08-07 19:52:48 INFO::Fitting model to feature number 362, Gram.Positive.Competence
2023-08-07 19:52:48 INFO::Fitting model to feature number 363, GroEL.GroES
2023-08-07 19:52:48 INFO::Fitting model to feature number 364, Group.II.intron.associated.genes
2023-08-07 19:52:48 INFO::Fitting model to feature number 365, Gycosylglycerates
2023-08-07 19:52:48 INFO::Fitting model to feature number 366, H2.CoM.S.S.HTP.oxidoreductase
2023-08-07 19:52:48 INFO::Fitting model to feature number 367, HPr.catabolite.repression.system
2023-08-07 19:52:48 INFO::Fitting model to feature number 368, Heat.shock.Cell.division.Proteases.and.a.Methyltransferase
2023-08-07 19:52:48 INFO::Fitting model to feature number 369, Heat.shock.dnaK.gene.cluster.extended
2023-08-07 19:52:48 INFO::Fitting model to feature number 370, Heme.biosynthesis.orphans
2023-08-07 19:52:48 INFO::Fitting model to feature number 371, Heme..hemin.uptake.and.utilization.systems.in.GramPositives
2023-08-07 19:52:48 INFO::Fitting model to feature number 372, Hemin.transport.system
2023-08-07 19:52:48 INFO::Fitting model to feature number 373, Hexose.Phosphate.Uptake.System
2023-08-07 19:52:48 INFO::Fitting model to feature number 374, Hfl.operon
2023-08-07 19:52:48 INFO::Fitting model to feature number 375, High.affinity.phosphate.transporter.and.control.of.PHO.regulon
2023-08-07 19:52:48 INFO::Fitting model to feature number 376, Histidine.Biosynthesis
2023-08-07 19:52:48 INFO::Fitting model to feature number 377, Histidine.Biosynthesis.in.plants
2023-08-07 19:52:48 INFO::Fitting model to feature number 378, Histidine.Degradation
2023-08-07 19:52:48 INFO::Fitting model to feature number 379, Homogentisate.pathway.of.aromatic.compound.degradation
2023-08-07 19:52:48 INFO::Fitting model to feature number 380, Housecleaning.nucleoside.triphosphate.pyrophosphatases
2023-08-07 19:52:48 INFO::Fitting model to feature number 381, HtrA.and.Sec.secretion
2023-08-07 19:52:48 INFO::Fitting model to feature number 382, Hydantoin.metabolism
2023-08-07 19:52:48 INFO::Fitting model to feature number 383, Hydrogenases
2023-08-07 19:52:48 INFO::Fitting model to feature number 384, Hydroxyaromatic.decarboxylase.family
2023-08-07 19:52:48 INFO::Fitting model to feature number 385, Hyperosmotic.potassium.uptake
2023-08-07 19:52:48 INFO::Fitting model to feature number 386, Hypothetical.Coupled.to.RecF
2023-08-07 19:52:48 INFO::Fitting model to feature number 387, IbrA.and.IbrB..co.activators.of.prophage.gene.expression
2023-08-07 19:52:48 INFO::Fitting model to feature number 388, Inclusion.membrane.proteins.supporting.intracellular.life.styles.in.Chlamydiales
2023-08-07 19:52:48 INFO::Fitting model to feature number 389, Indole.pyruvate.oxidoreductase.complex
2023-08-07 19:52:48 INFO::Fitting model to feature number 390, Inner.membrane.protein.YhjD.and.conserved.cluster.involved.in.LPS.biosynthesis
2023-08-07 19:52:48 INFO::Fitting model to feature number 391, Inorganic.Sulfur.Assimilation
2023-08-07 19:52:48 INFO::Fitting model to feature number 392, Inositol.catabolism
2023-08-07 19:52:48 INFO::Fitting model to feature number 393, Integrons
2023-08-07 19:52:48 INFO::Fitting model to feature number 394, Inteins
2023-08-07 19:52:48 INFO::Fitting model to feature number 395, Intracellular.septation.in.Enterobacteria
2023-08-07 19:52:48 INFO::Fitting model to feature number 396, Iojap
2023-08-07 19:52:48 INFO::Fitting model to feature number 397, IojapClusters
2023-08-07 19:52:48 INFO::Fitting model to feature number 398, Iron.Scavenging.cluster.in.Thermus
2023-08-07 19:52:48 INFO::Fitting model to feature number 399, Iron.acquisition.in.Streptococcus
2023-08-07 19:52:48 INFO::Fitting model to feature number 400, Iron.acquisition.in.Vibrio
2023-08-07 19:52:48 INFO::Fitting model to feature number 401, Isoleucine.degradation
2023-08-07 19:52:48 INFO::Fitting model to feature number 402, Isoprenoid.Biosynthesis
2023-08-07 19:52:49 INFO::Fitting model to feature number 403, Isoprenoid.Biosynthesis..Interconversions
2023-08-07 19:52:49 INFO::Fitting model to feature number 404, Isoprenoid.scratch
2023-08-07 19:52:49 INFO::Fitting model to feature number 405, Isoprenoinds.for.Quinones
2023-08-07 19:52:49 INFO::Fitting model to feature number 406, KDO2.Lipid.A.biosynthesis
2023-08-07 19:52:49 INFO::Fitting model to feature number 407, Ketoisovalerate.oxidoreductase
2023-08-07 19:52:49 INFO::Fitting model to feature number 408, Khodge314.Isoleucine.Biosynthesis
2023-08-07 19:52:49 INFO::Fitting model to feature number 409, L.2.amino.thiazoline.4.carboxylic.acid.Lcysteine.conversion
2023-08-07 19:52:49 INFO::Fitting model to feature number 410, L.Arabinose.utilization
2023-08-07 19:52:49 INFO::Fitting model to feature number 411, L.Cystine.Uptake.and.Metabolism
2023-08-07 19:52:49 INFO::Fitting model to feature number 412, L.ascorbate.utilization..and.related.gene.clusters.
2023-08-07 19:52:49 INFO::Fitting model to feature number 413, L.fucose.utilization
2023-08-07 19:52:49 INFO::Fitting model to feature number 414, L.fucose.utilization.temp
2023-08-07 19:52:49 INFO::Fitting model to feature number 415, L.rhamnose.utilization
2023-08-07 19:52:49 INFO::Fitting model to feature number 416, LMPTP.YwlE.cluster
2023-08-07 19:52:49 INFO::Fitting model to feature number 417, LOS.core.oligosaccharide.biosynthesis
2023-08-07 19:52:49 INFO::Fitting model to feature number 418, Lactate.Racemization
2023-08-07 19:52:49 INFO::Fitting model to feature number 419, Lactate.utilization
2023-08-07 19:52:49 INFO::Fitting model to feature number 420, Lacto.N.Biose.I.and.Galacto.N.Biose.Metabolic.Pathway
2023-08-07 19:52:49 INFO::Fitting model to feature number 421, Lactose.and.Galactose.Uptake.and.Utilization
2023-08-07 19:52:49 INFO::Fitting model to feature number 422, Lactose.utilization
2023-08-07 19:52:49 INFO::Fitting model to feature number 423, Late.competence
2023-08-07 19:52:49 INFO::Fitting model to feature number 424, Legionaminic.Acid.Biosynthesis
2023-08-07 19:52:49 INFO::Fitting model to feature number 425, Leucine.Biosynthesis
2023-08-07 19:52:49 INFO::Fitting model to feature number 426, Leucine.Degradation.and.HMG.CoA.Metabolism
2023-08-07 19:52:49 INFO::Fitting model to feature number 427, Lipid.A.modifications
2023-08-07 19:52:49 INFO::Fitting model to feature number 428, Lipid.A.Ara4N.pathway...Polymyxin.resistance..
2023-08-07 19:52:49 INFO::Fitting model to feature number 429, Lipid.linked.oligosaccharide.synthesis.related.cluster
2023-08-07 19:52:49 INFO::Fitting model to feature number 430, Lipoate..transport
2023-08-07 19:52:49 INFO::Fitting model to feature number 431, Lipoic.acid.metabolism
2023-08-07 19:52:49 INFO::Fitting model to feature number 432, Lipopolysaccharide.assembly
2023-08-07 19:52:49 INFO::Fitting model to feature number 433, Lipopolysaccharide.assembly.cluster
2023-08-07 19:52:49 INFO::Fitting model to feature number 434, Lipopolysaccharide.related.cluster.in.Alphaproteobacteria
2023-08-07 19:52:49 INFO::Fitting model to feature number 435, Lipoprotein.Biosynthesis
2023-08-07 19:52:49 INFO::Fitting model to feature number 436, Lipoprotein.sorting.system
2023-08-07 19:52:49 INFO::Fitting model to feature number 437, Listeria.Pathogenicity.Island.LIPI.1.extended
2023-08-07 19:52:49 INFO::Fitting model to feature number 438, Listeria.phi.A118.like.prophages
2023-08-07 19:52:49 INFO::Fitting model to feature number 439, Listeria.surface.proteins..Internalin.like.proteins
2023-08-07 19:52:49 INFO::Fitting model to feature number 440, Lysine.Biosynthesis.DAP.Pathway
2023-08-07 19:52:49 INFO::Fitting model to feature number 441, Lysine.degradation
2023-08-07 19:52:49 INFO::Fitting model to feature number 442, Lysine.fermentation
2023-08-07 19:52:49 INFO::Fitting model to feature number 443, Lysine.fermentation.MCB.432
2023-08-07 19:52:49 INFO::Fitting model to feature number 444, Lysozyme.inhibitors
2023-08-07 19:52:49 INFO::Fitting model to feature number 445, MLST
2023-08-07 19:52:49 INFO::Fitting model to feature number 446, MRSA.analysis.Oli
2023-08-07 19:52:49 INFO::Fitting model to feature number 447, Macromolecular.synthesis.operon
2023-08-07 19:52:49 INFO::Fitting model to feature number 448, Major.Outer.Membrane.Proteins
2023-08-07 19:52:49 INFO::Fitting model to feature number 449, Malonate.decarboxylase
2023-08-07 19:52:49 INFO::Fitting model to feature number 450, Malonate_
2023-08-07 19:52:49 INFO::Fitting model to feature number 451, Maltose.and.Maltodextrin.Utilization
2023-08-07 19:52:49 INFO::Fitting model to feature number 452, Mannitol.Utilization
2023-08-07 19:52:49 INFO::Fitting model to feature number 453, Mannose.Metabolism
2023-08-07 19:52:49 INFO::Fitting model to feature number 454, MazEF.toxin.antitoxing..programmed.cell.death..system
2023-08-07 19:52:49 INFO::Fitting model to feature number 455, Mediator.of.hyperadherence.YidE.in.Enterobacteria.and.its.conserved.region
2023-08-07 19:52:49 INFO::Fitting model to feature number 456, Melibiose.Utilization
2023-08-07 19:52:49 INFO::Fitting model to feature number 457, Menaquinone.Biosynthesis.via.Futalosine
2023-08-07 19:52:49 INFO::Fitting model to feature number 458, Menaquinone.and.Phylloquinone.Biosynthesis
2023-08-07 19:52:49 INFO::Fitting model to feature number 459, Menaquinone.biosynthesis.from.chorismate.via.1.4.dihydroxy.2.naphthoate
2023-08-07 19:52:49 INFO::Fitting model to feature number 460, Menaquinone.biosynthesis.from.chorismate.via.1.4.dihydroxy.6.naphthoate
2023-08-07 19:52:49 INFO::Fitting model to feature number 461, Mercuric.reductase
2023-08-07 19:52:49 INFO::Fitting model to feature number 462, Mercury.resistance.operon
2023-08-07 19:52:49 INFO::Fitting model to feature number 463, Metabolite.repair
2023-08-07 19:52:49 INFO::Fitting model to feature number 464, Methanofuran
2023-08-07 19:52:49 INFO::Fitting model to feature number 465, Methanofuran.erick.jmorales
2023-08-07 19:52:49 INFO::Fitting model to feature number 466, Methanogenesis
2023-08-07 19:52:49 INFO::Fitting model to feature number 467, Methanogenesis.from.methylated.compounds
2023-08-07 19:52:49 INFO::Fitting model to feature number 468, MethanopterinAromatic
2023-08-07 19:52:49 INFO::Fitting model to feature number 469, Methicillin.resistance.in.Staphylococci
2023-08-07 19:52:49 INFO::Fitting model to feature number 470, Methionine.Biosynthesis
2023-08-07 19:52:49 INFO::Fitting model to feature number 471, Methionine.Degradation
2023-08-07 19:52:49 INFO::Fitting model to feature number 472, Methionine.Salvage
2023-08-07 19:52:49 INFO::Fitting model to feature number 473, Methylcitrate.cycle
2023-08-07 19:52:49 INFO::Fitting model to feature number 474, Methylglyoxal.Metabolism
2023-08-07 19:52:49 INFO::Fitting model to feature number 475, Methylthiotransferases
2023-08-07 19:52:49 INFO::Fitting model to feature number 476, Microbial.ethylene.biosynthesis
2023-08-07 19:52:49 INFO::Fitting model to feature number 477, Modification.of.eukaryotic.initiation.factor.5A
2023-08-07 19:52:49 INFO::Fitting model to feature number 478, Molybdenum.cofactor.biosynthesis
2023-08-07 19:52:49 INFO::Fitting model to feature number 479, Molybdopterin.cytosine.dinucleotide
2023-08-07 19:52:49 INFO::Fitting model to feature number 480, Monika.MRSA
2023-08-07 19:52:49 INFO::Fitting model to feature number 481, Muconate.lactonizing.enzyme.family
2023-08-07 19:52:49 INFO::Fitting model to feature number 482, MukBEF.Chromosome.Condensation
2023-08-07 19:52:49 INFO::Fitting model to feature number 483, Multidrug.Resistance.Efflux.Pumps
2023-08-07 19:52:49 INFO::Fitting model to feature number 484, Multidrug.Resistance..2.protein.version.Found.in.Gram.positive.bacteria
2023-08-07 19:52:49 INFO::Fitting model to feature number 485, Multidrug.Resistance..Tripartite.Systems.Found.in.Gram.Negative.Bacteria
2023-08-07 19:52:49 INFO::Fitting model to feature number 486, Multidrug.efflux.pump.in.Campylobacter.jejuni..CmeABC.operon.
2023-08-07 19:52:49 INFO::Fitting model to feature number 487, Multiple.Antibiotic.Resistance.MAR.locus
2023-08-07 19:52:49 INFO::Fitting model to feature number 488, Murein.Hydrolases
2023-08-07 19:52:49 INFO::Fitting model to feature number 489, Murein.hydrolase.regulation.and.cell.death
2023-08-07 19:52:49 INFO::Fitting model to feature number 490, Mycobacterium.virulence.operon.involved.in.DNA.transcription
2023-08-07 19:52:49 INFO::Fitting model to feature number 491, Mycobacterium.virulence.operon.involved.in.an.unknown.function.with.a.Jag.Protein.and.YidC.and.YidD
2023-08-07 19:52:49 INFO::Fitting model to feature number 492, Mycobacterium.virulence.operon.involved.in.fatty.acids.biosynthesis
2023-08-07 19:52:49 INFO::Fitting model to feature number 493, Mycobacterium.virulence.operon.involved.in.protein.synthesis..LSU.ribosomal.proteins.
2023-08-07 19:52:49 INFO::Fitting model to feature number 494, Mycobacterium.virulence.operon.involved.in.protein.synthesis..SSU.ribosomal.proteins.
2023-08-07 19:52:49 INFO::Fitting model to feature number 495, Mycobacterium.virulence.operon.possibly.involved.in.quinolinate.biosynthesis
2023-08-07 19:52:49 INFO::Fitting model to feature number 496, N.Acetyl.Galactosamine.and.Galactosamine.Utilization
2023-08-07 19:52:49 INFO::Fitting model to feature number 497, N.linked.Glycosylation.in.Bacteria
2023-08-07 19:52:49 INFO::Fitting model to feature number 498, NAD.and.NADP.cofactor.biosynthesis.global
2023-08-07 19:52:49 INFO::Fitting model to feature number 499, NAD.regulation
2023-08-07 19:52:49 INFO::Fitting model to feature number 500, Na....H....antiporter
2023-08-07 19:52:49 INFO::Fitting model to feature number 501, Na....translocating.NADH.quinone.oxidoreductase.and.rnf.like.group.of.electron.transport.complexes
2023-08-07 19:52:49 INFO::Fitting model to feature number 502, Na..translocating.decarboxylases.and.related.biotin.dependent.enzymes
2023-08-07 19:52:49 INFO::Fitting model to feature number 503, Natural.DNA.Transformation.in.Vibrio
2023-08-07 19:52:49 INFO::Fitting model to feature number 504, NiFe.hydrogenase.maturation
2023-08-07 19:52:49 INFO::Fitting model to feature number 505, Nicotinate.catabolism..anaerobic
2023-08-07 19:52:49 INFO::Fitting model to feature number 506, Nitrate.and.nitrite.ammonification
2023-08-07 19:52:49 INFO::Fitting model to feature number 507, Nitric.oxide.synthase
2023-08-07 19:52:49 INFO::Fitting model to feature number 508, Nitrilase
2023-08-07 19:52:49 INFO::Fitting model to feature number 509, Nitrogen.Metabolism.in.Aspergillus.nidulans
2023-08-07 19:52:49 INFO::Fitting model to feature number 510, Nitrogen.fixation
2023-08-07 19:52:49 INFO::Fitting model to feature number 511, Nitrosative.stress
2023-08-07 19:52:49 INFO::Fitting model to feature number 512, Nonhomologous.End.Joining.in.Bacteria
2023-08-07 19:52:49 INFO::Fitting model to feature number 513, Nonmevalonate.Branch.of.Isoprenoid.Biosynthesis
2023-08-07 19:52:49 INFO::Fitting model to feature number 514, Nucleoid.associated.proteins.in.Bacteria
2023-08-07 19:52:49 INFO::Fitting model to feature number 515, Nucleoside.triphosphate.pyrophosphohydrolase.MazG
2023-08-07 19:52:49 INFO::Fitting model to feature number 516, Nudix.KE
2023-08-07 19:52:49 INFO::Fitting model to feature number 517, Nudix.proteins..nucleoside.triphosphate.hydrolases.
2023-08-07 19:52:49 INFO::Fitting model to feature number 518, NusA.TFII.Cluster
2023-08-07 19:52:49 INFO::Fitting model to feature number 519, O.Methyl.Phosphoramidate.Capsule.Modification.in.Campylobacter
2023-08-07 19:52:49 INFO::Fitting model to feature number 520, O.antigen.capsule.important.for.environmental.persistence
2023-08-07 19:52:49 INFO::Fitting model to feature number 521, Omega.amidase
2023-08-07 19:52:49 INFO::Fitting model to feature number 522, Omega.amidase.KE
2023-08-07 19:52:49 INFO::Fitting model to feature number 523, Omega.amidase.KE2
2023-08-07 19:52:49 INFO::Fitting model to feature number 524, One.carbon.metabolism.by.tetrahydropterines
2023-08-07 19:52:49 INFO::Fitting model to feature number 525, Orphan.regulatory.proteins
2023-08-07 19:52:49 INFO::Fitting model to feature number 526, Osmoprotectant.ABC.transporter.YehZYXW.of.Enterobacteriales
2023-08-07 19:52:49 INFO::Fitting model to feature number 527, Osmoregulation
2023-08-07 19:52:49 INFO::Fitting model to feature number 528, Osmotic.stress.cluster
2023-08-07 19:52:49 INFO::Fitting model to feature number 529, Outer.membrane
2023-08-07 19:52:49 INFO::Fitting model to feature number 530, Oxidative.stress
2023-08-07 19:52:49 INFO::Fitting model to feature number 531, Oxygen.stress.response...Human.gut.microbiome
2023-08-07 19:52:49 INFO::Fitting model to feature number 532, P.uptake..cyanobacteria.
2023-08-07 19:52:49 INFO::Fitting model to feature number 533, Pentose.phosphate.pathway
2023-08-07 19:52:49 INFO::Fitting model to feature number 534, Peptide.ABC.transport.system.Sap
2023-08-07 19:52:49 INFO::Fitting model to feature number 535, Peptide.methionine.sulfoxide.reductase
2023-08-07 19:52:49 INFO::Fitting model to feature number 536, Peptidoglycan.Biosynthesis
2023-08-07 19:52:49 INFO::Fitting model to feature number 537, Peptidoglycan.Crosslinking.of.Peptide.Stems
2023-08-07 19:52:49 INFO::Fitting model to feature number 538, Peptidoglycan.biosynthesis..gjo
2023-08-07 19:52:49 INFO::Fitting model to feature number 539, Peptidyl.prolyl.cis.trans.isomerase
2023-08-07 19:52:49 INFO::Fitting model to feature number 540, Periplasmic.Acid.Stress.Response.in.Enterobacteria
2023-08-07 19:52:49 INFO::Fitting model to feature number 541, Periplasmic.Stress.Response
2023-08-07 19:52:49 INFO::Fitting model to feature number 542, Periplasmic.disulfide.interchange
2023-08-07 19:52:49 INFO::Fitting model to feature number 543, Periplasmic.Binding.Protein.Dependent.Transport.System.for...945..Glucosides
2023-08-07 19:52:49 INFO::Fitting model to feature number 544, Persister.Cells
2023-08-07 19:52:49 INFO::Fitting model to feature number 545, Petrobactin.mediated.iron.uptake.system
2023-08-07 19:52:49 INFO::Fitting model to feature number 546, Phage.DNA.methyltransferases
2023-08-07 19:52:49 INFO::Fitting model to feature number 547, Phage.capsid.proteins
2023-08-07 19:52:49 INFO::Fitting model to feature number 548, Phage.entry.and.exit
2023-08-07 19:52:49 INFO::Fitting model to feature number 549, Phage.head.and.packaging
2023-08-07 19:52:49 INFO::Fitting model to feature number 550, Phage.integration.and.excision
2023-08-07 19:52:49 INFO::Fitting model to feature number 551, Phage.nin.genes...N.independent.survival
2023-08-07 19:52:49 INFO::Fitting model to feature number 552, Phage.packaging.machinery
2023-08-07 19:52:50 INFO::Fitting model to feature number 553, Phage.shock.protein..psp..operon
2023-08-07 19:52:50 INFO::Fitting model to feature number 554, Phage.tail.fiber.proteins
2023-08-07 19:52:50 INFO::Fitting model to feature number 555, Phage.tail.proteins.2
2023-08-07 19:52:50 INFO::Fitting model to feature number 556, Phd.Doc..YdcE.YdcD.toxin.antitoxin..programmed.cell.death..systems
2023-08-07 19:52:50 INFO::Fitting model to feature number 557, Phenazine.biosynthesis
2023-08-07 19:52:50 INFO::Fitting model to feature number 558, Phenol.hydroxylase
2023-08-07 19:52:50 INFO::Fitting model to feature number 559, Phenylacetyl.CoA.catabolic.pathway..core.
2023-08-07 19:52:50 INFO::Fitting model to feature number 560, Phenylalanine.and.Tyrosine.Branches.from.Chorismate
2023-08-07 19:52:50 INFO::Fitting model to feature number 561, Phenylpropionate.Degradation
2023-08-07 19:52:50 INFO::Fitting model to feature number 562, Phosphate.metabolism
2023-08-07 19:52:50 INFO::Fitting model to feature number 563, Phosphoenolpyruvate.phosphomutase
2023-08-07 19:52:50 INFO::Fitting model to feature number 564, Phosphoglycerate.transport.system
2023-08-07 19:52:50 INFO::Fitting model to feature number 565, Phospholipid.and.Fatty.acid.biosynthesis.related.cluster
2023-08-07 19:52:50 INFO::Fitting model to feature number 566, Phosphonate.metabolism
2023-08-07 19:52:50 INFO::Fitting model to feature number 567, Phosphorylcholine.incorporation.in.LPS
2023-08-07 19:52:50 INFO::Fitting model to feature number 568, Photorespiration..oxidative.C2.cycle.
2023-08-07 19:52:50 INFO::Fitting model to feature number 569, Plasmid.replication
2023-08-07 19:52:50 INFO::Fitting model to feature number 570, Plastidial..p.ppGpp.mediated.response.in.plants
2023-08-07 19:52:50 INFO::Fitting model to feature number 571, Poly.gamma.glutamate.biosynthesis
2023-08-07 19:52:50 INFO::Fitting model to feature number 572, Poly.gamma.glutamate.biosynthesis.COPY
2023-08-07 19:52:50 INFO::Fitting model to feature number 573, Polyadenylation.bacterial
2023-08-07 19:52:50 INFO::Fitting model to feature number 574, Polyamine.Metabolism
2023-08-07 19:52:50 INFO::Fitting model to feature number 575, Polyglycerolphosphate.lipoteichoic.acid.biosynthesis
2023-08-07 19:52:50 INFO::Fitting model to feature number 576, Polyhydroxybutyrate.metabolism
2023-08-07 19:52:50 INFO::Fitting model to feature number 577, Polyprenyl.Diphosphate.Biosynthesis
2023-08-07 19:52:50 INFO::Fitting model to feature number 578, Polysaccharide.deacetylases
2023-08-07 19:52:50 INFO::Fitting model to feature number 579, Potassium.homeostasis
2023-08-07 19:52:50 INFO::Fitting model to feature number 580, Programmed.frameshift
2023-08-07 19:52:50 INFO::Fitting model to feature number 581, Proline.Synthesis
2023-08-07 19:52:50 INFO::Fitting model to feature number 582, Proline..4.hydroxyproline.uptake.and.utilization
2023-08-07 19:52:50 INFO::Fitting model to feature number 583, Propanediol.utilization
2023-08-07 19:52:50 INFO::Fitting model to feature number 584, Prophage.lysogenic.conversion.modules
2023-08-07 19:52:50 INFO::Fitting model to feature number 585, Propionate.CoA.to.Succinate.Module
2023-08-07 19:52:50 INFO::Fitting model to feature number 586, Propionyl.CoA.to.Succinyl.CoA.Module
2023-08-07 19:52:50 INFO::Fitting model to feature number 587, Proteasome.archaeal
2023-08-07 19:52:50 INFO::Fitting model to feature number 588, Proteasome.bacterial
2023-08-07 19:52:50 INFO::Fitting model to feature number 589, Proteasome.subunit.alpha.archaeal.cluster
2023-08-07 19:52:50 INFO::Fitting model to feature number 590, Protection.from.Reactive.Oxygen.Species
2023-08-07 19:52:50 INFO::Fitting model to feature number 591, Protein.Acetylation.and.Deacetylation.in.Bacteria
2023-08-07 19:52:50 INFO::Fitting model to feature number 592, Protein.chaperones
2023-08-07 19:52:50 INFO::Fitting model to feature number 593, Protein.degradation
2023-08-07 19:52:50 INFO::Fitting model to feature number 594, Proteolysis.in.bacteria..ATP.dependent
2023-08-07 19:52:50 INFO::Fitting model to feature number 595, Proteorhodopsin
2023-08-07 19:52:50 INFO::Fitting model to feature number 596, Protocatechuate.branch.of.beta.ketoadipate.pathway
2023-08-07 19:52:50 INFO::Fitting model to feature number 597, Proton.dependent.Peptide.Transporters
2023-08-07 19:52:50 INFO::Fitting model to feature number 598, Pseudomonas.quinolone.signal.PQS
2023-08-07 19:52:50 INFO::Fitting model to feature number 599, Pseudouridine.Metabolism
2023-08-07 19:52:50 INFO::Fitting model to feature number 600, Pterin.carbinolamine.dehydratase
2023-08-07 19:52:50 INFO::Fitting model to feature number 601, Pterin.metabolism.3
2023-08-07 19:52:50 INFO::Fitting model to feature number 602, Purine.Utilization
2023-08-07 19:52:50 INFO::Fitting model to feature number 603, Purine.conversions
2023-08-07 19:52:50 INFO::Fitting model to feature number 604, Purine.nucleotide.synthesis.regulator
2023-08-07 19:52:50 INFO::Fitting model to feature number 605, Putative.TldE.TldD.proteolytic.complex
2023-08-07 19:52:50 INFO::Fitting model to feature number 606, Putative.diaminopropionate.ammonia.lyase.cluster
2023-08-07 19:52:50 INFO::Fitting model to feature number 607, Putative.hemin.transporter
2023-08-07 19:52:50 INFO::Fitting model to feature number 608, Putative.oxidase.COG2907
2023-08-07 19:52:50 INFO::Fitting model to feature number 609, Putative.sugar.ABC.transporter..ytf.cluster.
2023-08-07 19:52:50 INFO::Fitting model to feature number 610, Putrescine.utilization.pathways
2023-08-07 19:52:50 INFO::Fitting model to feature number 611, Pyridoxin..Vitamin.B6..Biosynthesis
2023-08-07 19:52:50 INFO::Fitting model to feature number 612, Pyridoxine..vitamin.B6..biosynthesis.in.plants
2023-08-07 19:52:50 INFO::Fitting model to feature number 613, Pyrimidine.utilization
2023-08-07 19:52:50 INFO::Fitting model to feature number 614, Pyrroloquinoline.Quinone.biosynthesis
2023-08-07 19:52:50 INFO::Fitting model to feature number 615, Pyruvate.Alanine.Serine.Interconversions
2023-08-07 19:52:50 INFO::Fitting model to feature number 616, Pyruvate.metabolism.I..anaplerotic.reactions..PEP
2023-08-07 19:52:50 INFO::Fitting model to feature number 617, Pyruvate.metabolism.II..acetyl.CoA..acetogenesis.from.pyruvate
2023-08-07 19:52:50 INFO::Fitting model to feature number 618, Pyruvate.ferredoxin.oxidoreductase
2023-08-07 19:52:50 INFO::Fitting model to feature number 619, Q.RZ
2023-08-07 19:52:50 INFO::Fitting model to feature number 620, Queuosine.exploration.RZ
2023-08-07 19:52:50 INFO::Fitting model to feature number 621, Queuosine.Archaeosine.Biosynthesis
2023-08-07 19:52:50 INFO::Fitting model to feature number 622, Quinate.degradation
2023-08-07 19:52:50 INFO::Fitting model to feature number 623, Quinone.disambuiguation
2023-08-07 19:52:50 INFO::Fitting model to feature number 624, Quinone.oxidoreductase.family
2023-08-07 19:52:50 INFO::Fitting model to feature number 625, Quorum.sensing.in.Yersinia
2023-08-07 19:52:50 INFO::Fitting model to feature number 626, RCJ.pfr
2023-08-07 19:52:50 INFO::Fitting model to feature number 627, RNA.3..terminal.phosphate.cyclase
2023-08-07 19:52:50 INFO::Fitting model to feature number 628, RNA.polymerase.archaeal
2023-08-07 19:52:50 INFO::Fitting model to feature number 629, RNA.polymerase.archaeal.initiation.factors
2023-08-07 19:52:50 INFO::Fitting model to feature number 630, RNA.polymerase.bacterial
2023-08-07 19:52:50 INFO::Fitting model to feature number 631, RNA.processing.and.degradation..bacterial
2023-08-07 19:52:50 INFO::Fitting model to feature number 632, RNA.processing.orphans
2023-08-07 19:52:50 INFO::Fitting model to feature number 633, RNA.pseudouridine.syntheses
2023-08-07 19:52:50 INFO::Fitting model to feature number 634, RP.Bacterial.Cell.Division
2023-08-07 19:52:50 INFO::Fitting model to feature number 635, Raj.MurE
2023-08-07 19:52:50 INFO::Fitting model to feature number 636, Rcs.negative.regulator.IgaA
2023-08-07 19:52:50 INFO::Fitting model to feature number 637, Rcs.phosphorelay.signal.transduction.pathway
2023-08-07 19:52:50 INFO::Fitting model to feature number 638, RecA.and.RecX
2023-08-07 19:52:50 INFO::Fitting model to feature number 639, Recycling.of.Peptidoglycan.Amino.Acids
2023-08-07 19:52:50 INFO::Fitting model to feature number 640, Recycling.of.Peptidoglycan.Amino.Sugars
2023-08-07 19:52:50 INFO::Fitting model to feature number 641, Redox.dependent.regulation.of.nucleus.processes
2023-08-07 19:52:50 INFO::Fitting model to feature number 642, Regulation.of.Oxidative.Stress.Response
2023-08-07 19:52:50 INFO::Fitting model to feature number 643, Resistance.to.Vancomycin
2023-08-07 19:52:50 INFO::Fitting model to feature number 644, Resistance.to.fluoroquinolones
2023-08-07 19:52:50 INFO::Fitting model to feature number 645, Respiration...HGM
2023-08-07 19:52:50 INFO::Fitting model to feature number 646, Respiration...Human.gut.microbiome
2023-08-07 19:52:50 INFO::Fitting model to feature number 647, Respiratory.Complex.I
2023-08-07 19:52:50 INFO::Fitting model to feature number 648, Respiratory.dehydrogenases.1
2023-08-07 19:52:50 INFO::Fitting model to feature number 649, Restriction.Modification.System
2023-08-07 19:52:50 INFO::Fitting model to feature number 650, Rhamnose.containing.glycans
2023-08-07 19:52:50 INFO::Fitting model to feature number 651, Riboflavin..FMN.and.FAD.metabolism.Extended
2023-08-07 19:52:50 INFO::Fitting model to feature number 652, Ribonuclease.H
2023-08-07 19:52:50 INFO::Fitting model to feature number 653, Ribonucleotide.reduction
2023-08-07 19:52:50 INFO::Fitting model to feature number 654, Ribosomal.protein.S12p.Asp.methylthiotransferase
2023-08-07 19:52:50 INFO::Fitting model to feature number 655, Ribosomal.protein.S5p.acylation
2023-08-07 19:52:50 INFO::Fitting model to feature number 656, Ribosomal.proteins..zinc.requirement
2023-08-07 19:52:50 INFO::Fitting model to feature number 657, Ribosome.LSU.bacterial
2023-08-07 19:52:50 INFO::Fitting model to feature number 658, Ribosome.LSU.eukaryotic.and.archaeal
2023-08-07 19:52:50 INFO::Fitting model to feature number 659, Ribosome.SSU.bacterial
2023-08-07 19:52:50 INFO::Fitting model to feature number 660, Ribosome.SSU.eukaryotic.and.archaeal
2023-08-07 19:52:50 INFO::Fitting model to feature number 661, Ribosome.activity.modulation
2023-08-07 19:52:50 INFO::Fitting model to feature number 662, Ribosome.biogenesis.bacterial
2023-08-07 19:52:50 INFO::Fitting model to feature number 663, RpoS.Regulators.SG1
2023-08-07 19:52:50 INFO::Fitting model to feature number 664, Rrf2.family.transcriptional.regulators
2023-08-07 19:52:50 INFO::Fitting model to feature number 665, RtcB.RtcA
2023-08-07 19:52:50 INFO::Fitting model to feature number 666, Rubrerythrin
2023-08-07 19:52:50 INFO::Fitting model to feature number 667, RuvABC.plus.a.hypothetical
2023-08-07 19:52:50 INFO::Fitting model to feature number 668, SCIFF.peptide.maturase.system
2023-08-07 19:52:50 INFO::Fitting model to feature number 669, Salicylate.and.gentisate.catabolism
2023-08-07 19:52:50 INFO::Fitting model to feature number 670, Salmochelin.mediated.Iron.Acquisition
2023-08-07 19:52:50 INFO::Fitting model to feature number 671, Sarcosine.temp
2023-08-07 19:52:50 INFO::Fitting model to feature number 672, SecY2.SecA2.Specialized.Transport.System
2023-08-07 19:52:50 INFO::Fitting model to feature number 673, Selenocysteine.metabolism
2023-08-07 19:52:50 INFO::Fitting model to feature number 674, Selenoprotein.O
2023-08-07 19:52:50 INFO::Fitting model to feature number 675, SeqA.and.Co.occurring.Genes
2023-08-07 19:52:50 INFO::Fitting model to feature number 676, Serine.Biosynthesis
2023-08-07 19:52:50 INFO::Fitting model to feature number 677, Serine.glyoxylate.cycle
2023-08-07 19:52:50 INFO::Fitting model to feature number 678, Serotype.determining.Capsular.polysaccharide.biosynthesis.in.Staphylococcus
2023-08-07 19:52:50 INFO::Fitting model to feature number 679, Sex.pheromones.in.Enterococcus.faecalis.and.other.Firmicutes
2023-08-07 19:52:50 INFO::Fitting model to feature number 680, Sialic.Acid.Metabolism
2023-08-07 19:52:50 INFO::Fitting model to feature number 681, Siderophore.Aerobactin
2023-08-07 19:52:50 INFO::Fitting model to feature number 682, Siderophore.Enterobactin
2023-08-07 19:52:50 INFO::Fitting model to feature number 683, Siderophore.Pyoverdine
2023-08-07 19:52:50 INFO::Fitting model to feature number 684, Siderophore.Yersiniabactin.Biosynthesis
2023-08-07 19:52:50 INFO::Fitting model to feature number 685, Siderophore.assembly.kit
2023-08-07 19:52:50 INFO::Fitting model to feature number 686, Siderophore.pyochelin
2023-08-07 19:52:50 INFO::Fitting model to feature number 687, SigmaB.stress.responce.regulation
2023-08-07 19:52:50 INFO::Fitting model to feature number 688, Signal.peptidase
2023-08-07 19:52:50 INFO::Fitting model to feature number 689, Single.Rhodanese.domain.proteins
2023-08-07 19:52:50 INFO::Fitting model to feature number 690, Single.copy.ribosomal.proteins
2023-08-07 19:52:50 INFO::Fitting model to feature number 691, Small.acid.soluble.spore.proteins
2023-08-07 19:52:50 INFO::Fitting model to feature number 692, Small.multidrug.resistance.strays
2023-08-07 19:52:50 INFO::Fitting model to feature number 693, Soluble.cytochromes.and.functionally.related.electron.carriers
2023-08-07 19:52:50 INFO::Fitting model to feature number 694, Sortase
2023-08-07 19:52:50 INFO::Fitting model to feature number 695, SpoVS.protein.family
2023-08-07 19:52:50 INFO::Fitting model to feature number 696, Spore.Core.Dehydration
2023-08-07 19:52:50 INFO::Fitting model to feature number 697, Spore.germination
2023-08-07 19:52:50 INFO::Fitting model to feature number 698, Sporulation.Cluster
2023-08-07 19:52:50 INFO::Fitting model to feature number 699, Sporulation.Cluster.III.A
2023-08-07 19:52:50 INFO::Fitting model to feature number 700, Sporulation.draft
2023-08-07 19:52:50 INFO::Fitting model to feature number 701, Sporulation.gene.orphans
2023-08-07 19:52:50 INFO::Fitting model to feature number 702, Sporulation.associated.proteins.with.broader.functions
2023-08-07 19:52:50 INFO::Fitting model to feature number 703, Sporulation.related.Hypotheticals
2023-08-07 19:52:50 INFO::Fitting model to feature number 704, Staphylococcal.pathogenicity.islands.SaPI
2023-08-07 19:52:50 INFO::Fitting model to feature number 705, Staphylococcal.phi.Mu50B.like.prophages
2023-08-07 19:52:50 INFO::Fitting model to feature number 706, Steroid.sulfates
2023-08-07 19:52:50 INFO::Fitting model to feature number 707, Streptococcal.Hyaluronic.Acid.Capsule
2023-08-07 19:52:50 INFO::Fitting model to feature number 708, Streptococcal.Mga.Regulon
2023-08-07 19:52:51 INFO::Fitting model to feature number 709, Streptococcus.agalactiae.virulome
2023-08-07 19:52:51 INFO::Fitting model to feature number 710, Streptococcus.pneumoniae.Vancomycin.Tolerance.Locus
2023-08-07 19:52:51 INFO::Fitting model to feature number 711, Streptococcus.pyogenes.Virulome
2023-08-07 19:52:51 INFO::Fitting model to feature number 712, Streptococcus.pyogenes.recombinatorial.zone
2023-08-07 19:52:51 INFO::Fitting model to feature number 713, Streptococcus.pyogenes.virulence.regulators
2023-08-07 19:52:51 INFO::Fitting model to feature number 714, Streptolysin.S.Biosynthesis.and.Transport
2023-08-07 19:52:51 INFO::Fitting model to feature number 715, Streptothricin.resistance
2023-08-07 19:52:51 INFO::Fitting model to feature number 716, Stringent.Response...p.ppGpp.metabolism
2023-08-07 19:52:51 INFO::Fitting model to feature number 717, Succinate.dehydrogenase
2023-08-07 19:52:51 INFO::Fitting model to feature number 718, Sucrose.utilization
2023-08-07 19:52:51 INFO::Fitting model to feature number 719, Sucrose.specific.PTS
2023-08-07 19:52:51 INFO::Fitting model to feature number 720, Sugar.utilization.in.Thermotogales
2023-08-07 19:52:51 INFO::Fitting model to feature number 721, Sulfatases.and.sulfatase.modifying.factor.1
2023-08-07 19:52:51 INFO::Fitting model to feature number 722, Sulfate.reduction.associated.complexes
2023-08-07 19:52:51 INFO::Fitting model to feature number 723, Sulfur.oxidation
2023-08-07 19:52:51 INFO::Fitting model to feature number 724, Synechocystis.experimental
2023-08-07 19:52:51 INFO::Fitting model to feature number 725, Synthesis.of.osmoregulated.periplasmic.glucans
2023-08-07 19:52:51 INFO::Fitting model to feature number 726, T7.like.phage.core.proteins
2023-08-07 19:52:51 INFO::Fitting model to feature number 727, TCA.Cycle
2023-08-07 19:52:51 INFO::Fitting model to feature number 728, Tagatose.utilization
2023-08-07 19:52:51 INFO::Fitting model to feature number 729, Tannin.biosynthesis
2023-08-07 19:52:51 INFO::Fitting model to feature number 730, Taurine.Utilization
2023-08-07 19:52:51 INFO::Fitting model to feature number 731, Teichoic.and.lipoteichoic.acids.biosynthesis
2023-08-07 19:52:51 INFO::Fitting model to feature number 732, Teichuronic.acid.biosynthesis
2023-08-07 19:52:51 INFO::Fitting model to feature number 733, Tellurite.resistance..Chromosomal.determinants
2023-08-07 19:52:51 INFO::Fitting model to feature number 734, TenI.like.tautomerase
2023-08-07 19:52:51 INFO::Fitting model to feature number 735, Terminal.cytochrome.C.oxidases
2023-08-07 19:52:51 INFO::Fitting model to feature number 736, Terminal.cytochrome.O.ubiquinol.oxidase
2023-08-07 19:52:51 INFO::Fitting model to feature number 737, Terminal.cytochrome.d.ubiquinol.oxidases
2023-08-07 19:52:51 INFO::Fitting model to feature number 738, Terminal.cytochrome.oxidases
2023-08-07 19:52:51 INFO::Fitting model to feature number 739, Test...DHFR
2023-08-07 19:52:51 INFO::Fitting model to feature number 740, Test...Riboflavin
2023-08-07 19:52:51 INFO::Fitting model to feature number 741, Test...Thiamin
2023-08-07 19:52:51 INFO::Fitting model to feature number 742, Test.Pyridoxin.B6
2023-08-07 19:52:51 INFO::Fitting model to feature number 743, Test.Q
2023-08-07 19:52:51 INFO::Fitting model to feature number 744, The.Chv.regulatory.system.of.Alphaproteobacteria
2023-08-07 19:52:51 INFO::Fitting model to feature number 745, The.fimbrial.Sfm.cluster
2023-08-07 19:52:51 INFO::Fitting model to feature number 746, The.fimbrial.Stf.cluster
2023-08-07 19:52:51 INFO::Fitting model to feature number 747, The.mdtABCD.multidrug.resistance.cluster
2023-08-07 19:52:51 INFO::Fitting model to feature number 748, The.usher.protein.HtrE.fimbrial.cluster
2023-08-07 19:52:51 INFO::Fitting model to feature number 749, Thermosome..archaeal
2023-08-07 19:52:51 INFO::Fitting model to feature number 750, ThiD.ThiE.fusions
2023-08-07 19:52:51 INFO::Fitting model to feature number 751, Thiamin.Copy.RZ
2023-08-07 19:52:51 INFO::Fitting model to feature number 752, Thiamin.biosynthesis
2023-08-07 19:52:51 INFO::Fitting model to feature number 753, Thiamin.biosynthesis.LDP
2023-08-07 19:52:51 INFO::Fitting model to feature number 754, Thiamin.biosynthesis.in.plants
2023-08-07 19:52:51 INFO::Fitting model to feature number 755, Thioredoxin.disulfide.reductase
2023-08-07 19:52:51 INFO::Fitting model to feature number 756, Threonine.anaerobic.catabolism.gene.cluster
2023-08-07 19:52:51 INFO::Fitting model to feature number 757, Threonine.and.Homoserine.Biosynthesis
2023-08-07 19:52:51 INFO::Fitting model to feature number 758, Threonine.degradation
2023-08-07 19:52:51 INFO::Fitting model to feature number 759, Threonylcarbamoyladenosine
2023-08-07 19:52:51 INFO::Fitting model to feature number 760, Tn552
2023-08-07 19:52:51 INFO::Fitting model to feature number 761, Tolerance.to.colicin.E2
2023-08-07 19:52:51 INFO::Fitting model to feature number 762, Ton.and.Tol.transport.systems
2023-08-07 19:52:51 INFO::Fitting model to feature number 763, Toxin.antitoxin.replicon.stabilization.systems
2023-08-07 19:52:51 INFO::Fitting model to feature number 764, Toxin.antitoxin.systems..other.than.RelBE.and.MazEF.
2023-08-07 19:52:51 INFO::Fitting model to feature number 765, Trans.translation.by.stalled.ribosomes
2023-08-07 19:52:51 INFO::Fitting model to feature number 766, Transcription.elongation.factors..archaeal
2023-08-07 19:52:51 INFO::Fitting model to feature number 767, Transcription.factors.bacterial
2023-08-07 19:52:51 INFO::Fitting model to feature number 768, Transcription.initiation..bacterial.sigma.factors
2023-08-07 19:52:51 INFO::Fitting model to feature number 769, Translation.elongation.factor.G.family
2023-08-07 19:52:51 INFO::Fitting model to feature number 770, Translation.elongation.factors.bacterial
2023-08-07 19:52:51 INFO::Fitting model to feature number 771, Translation.elongation.factors.eukaryotic.and.archaeal
2023-08-07 19:52:51 INFO::Fitting model to feature number 772, Translation.initiation.factors.bacterial
2023-08-07 19:52:51 INFO::Fitting model to feature number 773, Translation.initiation.factors.eukaryotic.and.archaeal
2023-08-07 19:52:51 INFO::Fitting model to feature number 774, Translation.termination.factors.bacterial
2023-08-07 19:52:51 INFO::Fitting model to feature number 775, Transport.of.Iron
2023-08-07 19:52:51 INFO::Fitting model to feature number 776, Transport.of.Manganese
2023-08-07 19:52:51 INFO::Fitting model to feature number 777, Transport.of.Molybdenum
2023-08-07 19:52:51 INFO::Fitting model to feature number 778, Transport.of.Nickel.and.Cobalt
2023-08-07 19:52:51 INFO::Fitting model to feature number 779, Transport.of.Zinc
2023-08-07 19:52:51 INFO::Fitting model to feature number 780, Transposase.in.enterics
2023-08-07 19:52:51 INFO::Fitting model to feature number 781, Trehalose.Biosynthesis
2023-08-07 19:52:51 INFO::Fitting model to feature number 782, Trehalose.Uptake.and.Utilization
2023-08-07 19:52:51 INFO::Fitting model to feature number 783, Triacylglycerol.metabolism
2023-08-07 19:52:51 INFO::Fitting model to feature number 784, Tricarboxylate.transport.system
2023-08-07 19:52:51 INFO::Fitting model to feature number 785, Tryptophan.synthesis
2023-08-07 19:52:51 INFO::Fitting model to feature number 786, Twin.arginine.translocation.system
2023-08-07 19:52:51 INFO::Fitting model to feature number 787, Two.cell.division.clusters.relating.to.chromosome.partitioning
2023-08-07 19:52:51 INFO::Fitting model to feature number 788, Two.partner.secretion.pathway..TPS.
2023-08-07 19:52:51 INFO::Fitting model to feature number 789, Two.component.Response.Regulator.of.Virulence.ResDE
2023-08-07 19:52:51 INFO::Fitting model to feature number 790, Two.component.regulatory.systems.in.Campylobacter
2023-08-07 19:52:51 INFO::Fitting model to feature number 791, Type.1.pili..mannose.sensitive.fimbriae.
2023-08-07 19:52:51 INFO::Fitting model to feature number 792, Type.4.conjugative.transfer.system..IncI1.type
2023-08-07 19:52:51 INFO::Fitting model to feature number 793, Type.4.secretion.and.conjugative.transfer
2023-08-07 19:52:51 INFO::Fitting model to feature number 794, Type.I.Restriction.Modification
2023-08-07 19:52:51 INFO::Fitting model to feature number 795, Type.III.secretion.system.orphans
2023-08-07 19:52:51 INFO::Fitting model to feature number 796, Type.III.secretion.systems..extended
2023-08-07 19:52:51 INFO::Fitting model to feature number 797, Type.IV.pilus
2023-08-07 19:52:51 INFO::Fitting model to feature number 798, Type.VI.secretion.systems
2023-08-07 19:52:51 INFO::Fitting model to feature number 799, UDP.N.acetylmuramate.from.Fructose.6.phosphate.Biosynthesis
2023-08-07 19:52:51 INFO::Fitting model to feature number 800, Ubiquinone.Biosynthesis
2023-08-07 19:52:51 INFO::Fitting model to feature number 801, Ubiquinone.Menaquinone.cytochrome.c.reductase.complexes
2023-08-07 19:52:51 INFO::Fitting model to feature number 802, Ubiquinone.biosynthesis....gjo
2023-08-07 19:52:51 INFO::Fitting model to feature number 803, Universal.GTPases
2023-08-07 19:52:51 INFO::Fitting model to feature number 804, Universal.stress.protein.family
2023-08-07 19:52:51 INFO::Fitting model to feature number 805, Unknown.carbohydrate.utilization...cluster.Ydj..
2023-08-07 19:52:51 INFO::Fitting model to feature number 806, Unknown.carbohydrate.utilization...cluster.Yeg..
2023-08-07 19:52:51 INFO::Fitting model to feature number 807, Unknown.carbohydrate.utilization.containing.Fructose.bisphosphate.aldolase
2023-08-07 19:52:51 INFO::Fitting model to feature number 808, Unknown.sugar.utilization..cluster.yphABCDEFG.
2023-08-07 19:52:51 INFO::Fitting model to feature number 809, Unsaturated.Fatty.Acid.Metabolism
2023-08-07 19:52:51 INFO::Fitting model to feature number 810, Unspecified.monosaccharide.transport.cluster
2023-08-07 19:52:51 INFO::Fitting model to feature number 811, Uptake.of.selenate.and.selenite
2023-08-07 19:52:51 INFO::Fitting model to feature number 812, Uracil.DNA.glycosylase
2023-08-07 19:52:51 INFO::Fitting model to feature number 813, Urea.decomposition
2023-08-07 19:52:51 INFO::Fitting model to feature number 814, Urease.subunits
2023-08-07 19:52:51 INFO::Fitting model to feature number 815, Utilization.of.glutathione.as.a.sulphur.source
2023-08-07 19:52:51 INFO::Fitting model to feature number 816, V.Type.ATP.synthase
2023-08-07 19:52:51 INFO::Fitting model to feature number 817, VC0266
2023-08-07 19:52:51 INFO::Fitting model to feature number 818, Valine.degradation
2023-08-07 19:52:51 INFO::Fitting model to feature number 819, VieSAB.signal.transduction.system.of.Vibrio
2023-08-07 19:52:51 INFO::Fitting model to feature number 820, WhiB.and.WhiB.type.regulatory.proteins_
2023-08-07 19:52:51 INFO::Fitting model to feature number 821, Widespread.colonization.island
2023-08-07 19:52:51 INFO::Fitting model to feature number 822, Xanthine.Metabolism.in.Bacteria
2023-08-07 19:52:51 INFO::Fitting model to feature number 823, Xanthosine.utilization..xap.region.
2023-08-07 19:52:51 INFO::Fitting model to feature number 824, Xylose.utilization
2023-08-07 19:52:51 INFO::Fitting model to feature number 825, YcfH
2023-08-07 19:52:51 INFO::Fitting model to feature number 826, YebC
2023-08-07 19:52:51 INFO::Fitting model to feature number 827, YgfZ
2023-08-07 19:52:51 INFO::Fitting model to feature number 828, YgfZ.Fe.S
2023-08-07 19:52:51 INFO::Fitting model to feature number 829, YgjD.and.YeaZ
2023-08-07 19:52:51 INFO::Fitting model to feature number 830, YjbEFGH.Locus.Involved.in.Exopolysaccharide.Production
2023-08-07 19:52:51 INFO::Fitting model to feature number 831, YjeE
2023-08-07 19:52:51 INFO::Fitting model to feature number 832, YrdC.YciO
2023-08-07 19:52:51 INFO::Fitting model to feature number 833, YrdC.YciO.Sua5.and.associated.protein.families
2023-08-07 19:52:51 INFO::Fitting model to feature number 834, Zinc.regulated.enzymes
2023-08-07 19:52:51 INFO::Fitting model to feature number 835, Zinc.resistance
2023-08-07 19:52:51 INFO::Fitting model to feature number 836, acinetobacter.tca
2023-08-07 19:52:51 INFO::Fitting model to feature number 837, archaeal.lipids.bobik
2023-08-07 19:52:51 INFO::Fitting model to feature number 838, beta.glucuronide.utilization
2023-08-07 19:52:51 INFO::Fitting model to feature number 839, cAMP.signaling.in.bacteria
2023-08-07 19:52:51 INFO::Fitting model to feature number 840, carbazol.degradation.cluster
2023-08-07 19:52:51 INFO::Fitting model to feature number 841, cell.division.cluster.containing.FtsQ
2023-08-07 19:52:51 INFO::Fitting model to feature number 842, coA.FolK
2023-08-07 19:52:51 INFO::Fitting model to feature number 843, ct6A
2023-08-07 19:52:51 INFO::Fitting model to feature number 844, dTDP.rhamnose.synthesis
2023-08-07 19:52:51 INFO::Fitting model to feature number 845, dcernst.CoA.Salvage
2023-08-07 19:52:51 INFO::Fitting model to feature number 846, methyl.t6A
2023-08-07 19:52:51 INFO::Fitting model to feature number 847, millsd.methanogensis
2023-08-07 19:52:51 INFO::Fitting model to feature number 848, n.Phenylalkanoic.acid.degradation
2023-08-07 19:52:51 INFO::Fitting model to feature number 849, p.Aminobenzoyl.Glutamate.Utilization
2023-08-07 19:52:51 INFO::Fitting model to feature number 850, p.Hydroxybenzoate.degradation
2023-08-07 19:52:51 INFO::Fitting model to feature number 851, pVir.Plasmid.of.Campylobacter
2023-08-07 19:52:51 INFO::Fitting model to feature number 852, pyrimidine.conversions
2023-08-07 19:52:51 INFO::Fitting model to feature number 853, rRNA.modification.Archaea
2023-08-07 19:52:51 INFO::Fitting model to feature number 854, rRNA.modification.bacteria
2023-08-07 19:52:51 INFO::Fitting model to feature number 855, riboflavin.to.FAD
2023-08-07 19:52:51 INFO::Fitting model to feature number 856, t.6.A.synthesis.in.bacteria
2023-08-07 19:52:51 INFO::Fitting model to feature number 857, t6A.synthesis.in.bacteria
2023-08-07 19:52:51 INFO::Fitting model to feature number 858, tRNA.aminoacylation..Ala
2023-08-07 19:52:51 INFO::Fitting model to feature number 859, tRNA.aminoacylation..Arg
2023-08-07 19:52:51 INFO::Fitting model to feature number 860, tRNA.aminoacylation..Asp.and.Asn
2023-08-07 19:52:51 INFO::Fitting model to feature number 861, tRNA.aminoacylation..Cys
2023-08-07 19:52:51 INFO::Fitting model to feature number 862, tRNA.aminoacylation..Glu.and.Gln
2023-08-07 19:52:51 INFO::Fitting model to feature number 863, tRNA.aminoacylation..Gly
2023-08-07 19:52:51 INFO::Fitting model to feature number 864, tRNA.aminoacylation..His
2023-08-07 19:52:51 INFO::Fitting model to feature number 865, tRNA.aminoacylation..Ile
2023-08-07 19:52:51 INFO::Fitting model to feature number 866, tRNA.aminoacylation..Leu
2023-08-07 19:52:51 INFO::Fitting model to feature number 867, tRNA.aminoacylation..Lys
2023-08-07 19:52:51 INFO::Fitting model to feature number 868, tRNA.aminoacylation..Met
2023-08-07 19:52:51 INFO::Fitting model to feature number 869, tRNA.aminoacylation..Phe
2023-08-07 19:52:51 INFO::Fitting model to feature number 870, tRNA.aminoacylation..Ser
2023-08-07 19:52:51 INFO::Fitting model to feature number 871, tRNA.aminoacylation..Thr
2023-08-07 19:52:52 INFO::Fitting model to feature number 872, tRNA.aminoacylation..Trp
2023-08-07 19:52:52 INFO::Fitting model to feature number 873, tRNA.aminoacylation..Tyr
2023-08-07 19:52:52 INFO::Fitting model to feature number 874, tRNA.aminoacylation..Val
2023-08-07 19:52:52 INFO::Fitting model to feature number 875, tRNA.modification.Archaea
2023-08-07 19:52:52 INFO::Fitting model to feature number 876, tRNA.modification.yeast.mitochondrial
2023-08-07 19:52:52 INFO::Fitting model to feature number 877, tRNA.mods.Archaea
2023-08-07 19:52:52 INFO::Fitting model to feature number 878, tRNA.nucleotidyltransferase
2023-08-07 19:52:52 INFO::Fitting model to feature number 879, tRNA.processing
2023-08-07 19:52:52 INFO::Fitting model to feature number 880, tRNA.splicing
2023-08-07 19:52:52 INFO::Fitting model to feature number 881, tRNA.dependent.amino.acid.transfers
2023-08-07 19:52:52 INFO::Fitting model to feature number 882, tRNA.methylthiotransferase.containing.cluster
2023-08-07 19:52:52 INFO::Fitting model to feature number 883, trimethylamine.N.oxide..TMAO..reductase
2023-08-07 19:52:52 INFO::Counting total values for each feature
2023-08-07 19:52:52 WARNING::Deleting existing residuals file: maaslin2_func/t0/treatment_B/residuals.rds
2023-08-07 19:52:52 INFO::Writing residuals to file maaslin2_func/t0/treatment_B/residuals.rds
2023-08-07 19:52:52 WARNING::Deleting existing fitted file: maaslin2_func/t0/treatment_B/fitted.rds
2023-08-07 19:52:52 INFO::Writing fitted values to file maaslin2_func/t0/treatment_B/fitted.rds
2023-08-07 19:52:52 INFO::Writing all results to file (ordered by increasing q-values): maaslin2_func/t0/treatment_B/all_results.tsv
2023-08-07 19:52:52 INFO::Writing the significant results (those which are less than or equal to the threshold of 0.250000 ) to file (ordered by increasing q-values): maaslin2_func/t0/treatment_B/significant_results.tsv
2023-08-07 19:52:52 INFO::Writing heatmap of significant results to file: maaslin2_func/t0/treatment_B/heatmap.pdf
2023-08-07 19:52:52 INFO::Writing association plots (one for each significant association) to output folder: maaslin2_func/t0/treatment_B
