2023-08-08 01:52:24 INFO::Writing function arguments to log file
2023-08-08 01:52:24 DEBUG::Function arguments
2023-08-08 01:52:24 DEBUG::Output folder: maaslin2_collapsed/t0/strep_exposure_Y
2023-08-08 01:52:24 DEBUG::Min Abundance: 0.000000
2023-08-08 01:52:24 DEBUG::Min Prevalence: 0.100000
2023-08-08 01:52:24 DEBUG::Normalization: TSS
2023-08-08 01:52:24 DEBUG::Transform: LOG
2023-08-08 01:52:24 DEBUG::Analysis method: LM
2023-08-08 01:52:24 DEBUG::Max significance: 0.250000
2023-08-08 01:52:24 DEBUG::Random effects:
2023-08-08 01:52:24 DEBUG::Fixed effects: strep_exposure
2023-08-08 01:52:24 DEBUG::Correction method: BH
2023-08-08 01:52:24 DEBUG::Standardize: TRUE
2023-08-08 01:52:24 DEBUG::Cores: 1
2023-08-08 01:52:24 INFO::Verifying options selected are valid
2023-08-08 01:52:24 INFO::Determining format of input files
2023-08-08 01:52:24 INFO::Input format is data samples as columns and metadata samples as rows
2023-08-08 01:52:24 DEBUG::Transformed data so samples are rows
2023-08-08 01:52:24 DEBUG::A total of 12 samples were found in both the data and metadata
2023-08-08 01:52:24 DEBUG::Reordering data/metadata to use same sample ordering
2023-08-08 01:52:24 INFO::Formula for fixed effects: expr ~  strep_exposure
2023-08-08 01:52:24 INFO::Filter data based on min abundance and min prevalence
2023-08-08 01:52:24 INFO::Total samples in data: 12
2023-08-08 01:52:24 INFO::Min samples required with min abundance for a feature not to be filtered: 1.200000
2023-08-08 01:52:24 INFO::Total filtered features: 70
2023-08-08 01:52:24 INFO::Filtered feature names from abundance and prevalence filtering: Butyricimonas_virosa, Bilophila_SGB15450, Prevotella_hominis, Escherichia_coli, Fusobacterium_mortiferum, Lactobacillus_acidophilus, Alistipes_shahii, Lacticaseibacillus_rhamnosus, GGB6547_SGB9247, Culturomica_massiliensis, Enterococcus_faecium, Alistipes_inops, Weissella_cibaria, Collinsella_tanakaei, Oscillibacter_sp_ER4, GGB6574_SGB9290, Sutterella_SGB9281, Eggerthella_lenta, Clostridia_unclassified_SGB6276, Enorma_phocaeensis, Alistipes_timonensis, Butyrivibrio_crossotus, Butyricimonas_paravirosa, GGB9522_SGB14921, Alistipes_senegalensis, Turicibacter_sanguinis, Lactobacillus_gasseri, GGB9694_SGB15203, Streptococcus_sp_A12, GGB3433_SGB4573, Lactobacillus_vaginalis, Clostridium_symbiosum, Blautia_schinkii, Eisenbergiella_massiliensis, Lachnospira_sp_NSJ_43, Anaeromassilibacillus_sp_An250, GGB1538_SGB2121, GGB4456_SGB6141, Erysipelatoclostridium_ramosum, Faecalicoccus_pleomorphus, Pseudoflavonifractor_sp_Marseille_P3106, Intestinimonas_butyriciproducens, Eubacterium_callanderi, Enterococcus_faecalis, Fusobacterium_varium, Enterocloster_citroniae, Klebsiella_pneumoniae, Duodenibacillus_massiliensis, Hungatella_hathewayi, Intestinibacillus_massiliensis, Butyricimonas_faecihominis, Allisonella_histaminiformans, Enorma_massiliensis, Senegalimassilia_faecalis, Slackia_isoflavoniconvertens, Traorella_massiliensis, Coprobacillus_cateniformis, Alistipes_dispar, Amedibacterium_intestinale, Candidatus_Stoquefichus_sp_SB1, Clostridium_sp_NSJ_42, GGB3614_SGB4886, GGB9627_SGB15081, Bacteroides_pectinophilus, GGB9632_SGB15089, Prevotella_copri_clade_D, GGB1235_SGB1614, GGB9615_SGB15053, Lachnospiraceae_bacterium_BX3, Anaerotignum_faecicola
2023-08-08 01:52:24 INFO::Total filtered features with variance filtering: 0
2023-08-08 01:52:24 INFO::Filtered feature names from variance filtering:
2023-08-08 01:52:24 INFO::Running selected normalization method: TSS
2023-08-08 01:52:24 INFO::Applying z-score to standardize continuous metadata
2023-08-08 01:52:24 INFO::Running selected transform method: LOG
2023-08-08 01:52:25 INFO::Running selected analysis method: LM
2023-08-08 01:52:25 INFO::Fitting model to feature number 1, Bacteroides_uniformis
2023-08-08 01:52:25 INFO::Fitting model to feature number 2, Phocaeicola_vulgatus
2023-08-08 01:52:25 INFO::Fitting model to feature number 3, Faecalibacterium_prausnitzii
2023-08-08 01:52:25 INFO::Fitting model to feature number 4, Blautia_wexlerae
2023-08-08 01:52:25 INFO::Fitting model to feature number 5, Eubacterium_rectale
2023-08-08 01:52:25 INFO::Fitting model to feature number 6, Bifidobacterium_adolescentis
2023-08-08 01:52:25 INFO::Fitting model to feature number 7, Ruminococcus_bromii
2023-08-08 01:52:25 INFO::Fitting model to feature number 8, Blautia_faecis
2023-08-08 01:52:25 INFO::Fitting model to feature number 9, Roseburia_faecis
2023-08-08 01:52:25 INFO::Fitting model to feature number 10, Coprococcus_eutactus
2023-08-08 01:52:25 INFO::Fitting model to feature number 11, Anaerobutyricum_hallii
2023-08-08 01:52:25 INFO::Fitting model to feature number 12, Collinsella_aerofaciens
2023-08-08 01:52:25 INFO::Fitting model to feature number 13, Bifidobacterium_longum
2023-08-08 01:52:25 INFO::Fitting model to feature number 14, Ruminococcaceae_unclassified_SGB4425
2023-08-08 01:52:25 INFO::Fitting model to feature number 15, Blautia_massiliensis
2023-08-08 01:52:25 INFO::Fitting model to feature number 16, Candidatus_Cibiobacter_qucibialis
2023-08-08 01:52:25 INFO::Fitting model to feature number 17, Ruminococcus_sp_JE7A12
2023-08-08 01:52:25 INFO::Fitting model to feature number 18, Dorea_longicatena
2023-08-08 01:52:25 INFO::Fitting model to feature number 19, Dialister_hominis
2023-08-08 01:52:25 INFO::Fitting model to feature number 20, Streptococcus_salivarius
2023-08-08 01:52:25 INFO::Fitting model to feature number 21, Akkermansia_muciniphila
2023-08-08 01:52:25 INFO::Fitting model to feature number 22, Alistipes_putredinis
2023-08-08 01:52:25 INFO::Fitting model to feature number 23, Ruminococcus_bicirculans
2023-08-08 01:52:25 INFO::Fitting model to feature number 24, Lachnospiraceae_bacterium
2023-08-08 01:52:25 INFO::Fitting model to feature number 25, Catenibacterium_sp_AM22_15
2023-08-08 01:52:25 INFO::Fitting model to feature number 26, Bifidobacterium_bifidum
2023-08-08 01:52:25 INFO::Fitting model to feature number 27, Fusicatenibacter_saccharivorans
2023-08-08 01:52:25 INFO::Fitting model to feature number 28, Prevotella_copri_clade_A
2023-08-08 01:52:25 INFO::Fitting model to feature number 29, Ruminococcus_torques
2023-08-08 01:52:25 INFO::Fitting model to feature number 30, Clostridium_sp_AF15_49
2023-08-08 01:52:25 INFO::Fitting model to feature number 31, Parabacteroides_distasonis
2023-08-08 01:52:25 INFO::Fitting model to feature number 32, Blautia_obeum
2023-08-08 01:52:25 INFO::Fitting model to feature number 33, Clostridia_bacterium
2023-08-08 01:52:25 INFO::Fitting model to feature number 34, Phocaeicola_dorei
2023-08-08 01:52:25 INFO::Fitting model to feature number 35, Faecalibacterium_SGB15346
2023-08-08 01:52:25 INFO::Fitting model to feature number 36, Dialister_succinatiphilus
2023-08-08 01:52:25 INFO::Fitting model to feature number 37, Megamonas_funiformis
2023-08-08 01:52:25 INFO::Fitting model to feature number 38, Megasphaera_sp_BL7
2023-08-08 01:52:25 INFO::Fitting model to feature number 39, Coprococcus_comes
2023-08-08 01:52:25 INFO::Fitting model to feature number 40, Anaerostipes_hadrus
2023-08-08 01:52:25 INFO::Fitting model to feature number 41, Gemmiger_formicilis
2023-08-08 01:52:25 INFO::Fitting model to feature number 42, Bacteroides_eggerthii
2023-08-08 01:52:25 INFO::Fitting model to feature number 43, Bacteroides_ovatus
2023-08-08 01:52:25 INFO::Fitting model to feature number 44, Romboutsia_timonensis
2023-08-08 01:52:25 INFO::Fitting model to feature number 45, Prevotella_copri_clade_C
2023-08-08 01:52:25 INFO::Fitting model to feature number 46, Bifidobacterium_pseudocatenulatum
2023-08-08 01:52:25 INFO::Fitting model to feature number 47, Streptococcus_thermophilus
2023-08-08 01:52:25 INFO::Fitting model to feature number 48, Coprococcus_catus
2023-08-08 01:52:25 INFO::Fitting model to feature number 49, Acidaminococcaceae_unclassified_SGB5785
2023-08-08 01:52:25 INFO::Fitting model to feature number 50, Bacteroides_cellulosilyticus
2023-08-08 01:52:25 INFO::Fitting model to feature number 51, Gemmiger_SGB15299
2023-08-08 01:52:25 INFO::Fitting model to feature number 52, Clostridiales_bacterium_KLE1615
2023-08-08 01:52:25 INFO::Fitting model to feature number 53, Alistipes_onderdonkii
2023-08-08 01:52:25 INFO::Fitting model to feature number 54, Bacteroides_xylanisolvens
2023-08-08 01:52:25 INFO::Fitting model to feature number 55, Roseburia_hominis
2023-08-08 01:52:25 INFO::Fitting model to feature number 56, Dorea_formicigenerans
2023-08-08 01:52:25 INFO::Fitting model to feature number 57, Bacteroides_stercoris
2023-08-08 01:52:25 INFO::Fitting model to feature number 58, Lacrimispora_celerecrescens
2023-08-08 01:52:25 INFO::Fitting model to feature number 59, Clostridiaceae_bacterium
2023-08-08 01:52:25 INFO::Fitting model to feature number 60, Erysipelotrichaceae_bacterium
2023-08-08 01:52:25 INFO::Fitting model to feature number 61, Blautia_SGB4831
2023-08-08 01:52:25 INFO::Fitting model to feature number 62, Dialister_invisus
2023-08-08 01:52:25 INFO::Fitting model to feature number 63, GGB9633_SGB15090
2023-08-08 01:52:25 INFO::Fitting model to feature number 64, Ruminococcus_callidus
2023-08-08 01:52:25 INFO::Fitting model to feature number 65, Barnesiella_intestinihominis
2023-08-08 01:52:25 INFO::Fitting model to feature number 66, Alistipes_indistinctus
2023-08-08 01:52:25 INFO::Fitting model to feature number 67, Bifidobacterium_catenulatum
2023-08-08 01:52:25 INFO::Fitting model to feature number 68, GGB3293_SGB4348
2023-08-08 01:52:25 INFO::Fitting model to feature number 69, Parabacteroides_merdae
2023-08-08 01:52:25 INFO::Fitting model to feature number 70, GGB9642_SGB15119
2023-08-08 01:52:25 INFO::Fitting model to feature number 71, Methanobrevibacter_smithii
2023-08-08 01:52:25 INFO::Fitting model to feature number 72, Alistipes_finegoldii
2023-08-08 01:52:25 INFO::Fitting model to feature number 73, Blautia_sp_MSK_20_85
2023-08-08 01:52:25 INFO::Fitting model to feature number 74, Clostridia_unclassified_SGB6317
2023-08-08 01:52:25 INFO::Fitting model to feature number 75, Lachnospiraceae_bacterium_WCA3_601_WT_6H
2023-08-08 01:52:25 INFO::Fitting model to feature number 76, Clostridium_sp_AF34_10BH
2023-08-08 01:52:25 INFO::Fitting model to feature number 77, Faecalitalea_cylindroides
2023-08-08 01:52:25 INFO::Fitting model to feature number 78, Faecalicatena_fissicatena
2023-08-08 01:52:25 INFO::Fitting model to feature number 79, Eubacterium_ramulus
2023-08-08 01:52:25 INFO::Fitting model to feature number 80, Bacteroides_caccae
2023-08-08 01:52:25 INFO::Fitting model to feature number 81, Eubacterium_sp_AM28_29
2023-08-08 01:52:25 INFO::Fitting model to feature number 82, GGB1267_SGB1701
2023-08-08 01:52:25 INFO::Fitting model to feature number 83, Enteroscipio_rubneri
2023-08-08 01:52:25 INFO::Fitting model to feature number 84, GGB9758_SGB15368
2023-08-08 01:52:25 INFO::Fitting model to feature number 85, Dysosmobacter_welbionis
2023-08-08 01:52:25 INFO::Fitting model to feature number 86, Blautia_caecimuris
2023-08-08 01:52:25 INFO::Fitting model to feature number 87, Adlercreutzia_equolifaciens
2023-08-08 01:52:25 INFO::Fitting model to feature number 88, Ruminococcaceae_unclassified_SGB15265
2023-08-08 01:52:25 INFO::Fitting model to feature number 89, Clostridium_sp_AM49_4BH
2023-08-08 01:52:25 INFO::Fitting model to feature number 90, Sellimonas_intestinalis
2023-08-08 01:52:25 INFO::Fitting model to feature number 91, GGB4579_SGB6329
2023-08-08 01:52:25 INFO::Fitting model to feature number 92, Bacteroides_thetaiotaomicron
2023-08-08 01:52:25 INFO::Fitting model to feature number 93, Bacteroidales_bacterium
2023-08-08 01:52:25 INFO::Fitting model to feature number 94, Blautia_SGB4815
2023-08-08 01:52:25 INFO::Fitting model to feature number 95, Agathobaculum_butyriciproducens
2023-08-08 01:52:25 INFO::Fitting model to feature number 96, Phocaeicola_plebeius
2023-08-08 01:52:25 INFO::Fitting model to feature number 97, Fusobacterium_nucleatum
2023-08-08 01:52:25 INFO::Fitting model to feature number 98, GGB3746_SGB5089
2023-08-08 01:52:25 INFO::Fitting model to feature number 99, Bilophila_wadsworthia
2023-08-08 01:52:25 INFO::Fitting model to feature number 100, Clostridium_sp_AF36_4
2023-08-08 01:52:25 INFO::Fitting model to feature number 101, Lachnospira_pectinoschiza
2023-08-08 01:52:25 INFO::Fitting model to feature number 102, Bacteroides_intestinalis
2023-08-08 01:52:25 INFO::Fitting model to feature number 103, Peptococcaceae_bacterium
2023-08-08 01:52:25 INFO::Fitting model to feature number 104, GGB9635_SGB15106
2023-08-08 01:52:25 INFO::Fitting model to feature number 105, Odoribacter_splanchnicus
2023-08-08 01:52:25 INFO::Fitting model to feature number 106, Monoglobus_pectinilyticus
2023-08-08 01:52:25 INFO::Fitting model to feature number 107, Clostridium_sp_AT4
2023-08-08 01:52:25 INFO::Fitting model to feature number 108, Ligilactobacillus_ruminis
2023-08-08 01:52:25 INFO::Fitting model to feature number 109, Clostridia_unclassified_SGB14844
2023-08-08 01:52:25 INFO::Fitting model to feature number 110, Dorea_sp_AF36_15AT
2023-08-08 01:52:25 INFO::Fitting model to feature number 111, Megasphaera_sp_AM44_1BH
2023-08-08 01:52:25 INFO::Fitting model to feature number 112, Bacteroides_fragilis
2023-08-08 01:52:25 INFO::Fitting model to feature number 113, Parabacteroides_goldsteinii
2023-08-08 01:52:25 INFO::Fitting model to feature number 114, Bacteroides_finegoldii
2023-08-08 01:52:25 INFO::Fitting model to feature number 115, Blautia_sp_MSK_21_1
2023-08-08 01:52:25 INFO::Fitting model to feature number 116, Ruminococcaceae_bacterium
2023-08-08 01:52:25 INFO::Fitting model to feature number 117, Ruminococcus_lactaris
2023-08-08 01:52:25 INFO::Fitting model to feature number 118, Bacteroidaceae_bacterium
2023-08-08 01:52:25 INFO::Fitting model to feature number 119, Clostridia_unclassified_SGB4447
2023-08-08 01:52:25 INFO::Fitting model to feature number 120, Weissella_confusa
2023-08-08 01:52:25 INFO::Fitting model to feature number 121, Clostridium_fessum
2023-08-08 01:52:25 INFO::Fitting model to feature number 122, Clostridium_phoceensis
2023-08-08 01:52:25 INFO::Fitting model to feature number 123, Eggerthellaceae_bacterium
2023-08-08 01:52:25 INFO::Fitting model to feature number 124, Dorea_sp_AF24_7LB
2023-08-08 01:52:25 INFO::Fitting model to feature number 125, Blautia_glucerasea
2023-08-08 01:52:25 INFO::Fitting model to feature number 126, Acidaminococcus_provencensis
2023-08-08 01:52:25 INFO::Fitting model to feature number 127, Clostridiales_bacterium_Choco116
2023-08-08 01:52:25 INFO::Fitting model to feature number 128, Holdemanella_biformis
2023-08-08 01:52:25 INFO::Fitting model to feature number 129, GGB3256_SGB4303
2023-08-08 01:52:25 INFO::Fitting model to feature number 130, Roseburia_inulinivorans
2023-08-08 01:52:25 INFO::Fitting model to feature number 131, Lachnospira_eligens
2023-08-08 01:52:25 INFO::Fitting model to feature number 132, Desulfovibrio_piger
2023-08-08 01:52:25 INFO::Fitting model to feature number 133, Ruminococcaceae_unclassified_SGB15236
2023-08-08 01:52:25 INFO::Fitting model to feature number 134, Evtepia_gabavorous
2023-08-08 01:52:25 INFO::Fitting model to feature number 135, GGB51441_SGB71759
2023-08-08 01:52:25 INFO::Fitting model to feature number 136, GGB2982_SGB3964
2023-08-08 01:52:25 INFO::Fitting model to feature number 137, Parolsenella_catena
2023-08-08 01:52:25 INFO::Fitting model to feature number 138, GGB781_SGB1024
2023-08-08 01:52:25 INFO::Fitting model to feature number 139, Bacteroides_faecis
2023-08-08 01:52:25 INFO::Fitting model to feature number 140, Roseburia_intestinalis
2023-08-08 01:52:25 INFO::Fitting model to feature number 141, Bifidobacterium_animalis
2023-08-08 01:52:25 INFO::Fitting model to feature number 142, Bacteroides_nordii
2023-08-08 01:52:25 INFO::Fitting model to feature number 143, GGB3486_SGB4658
2023-08-08 01:52:25 INFO::Fitting model to feature number 144, Bifidobacterium_angulatum
2023-08-08 01:52:25 INFO::Fitting model to feature number 145, Streptococcus_parasanguinis
2023-08-08 01:52:25 INFO::Fitting model to feature number 146, Flavonifractor_plautii
2023-08-08 01:52:25 INFO::Fitting model to feature number 147, GGB4750_SGB6579
2023-08-08 01:52:25 INFO::Fitting model to feature number 148, GGB9730_SGB15291
2023-08-08 01:52:25 INFO::Fitting model to feature number 149, Ruthenibacterium_lactatiformans
2023-08-08 01:52:25 INFO::Fitting model to feature number 150, Eubacteriaceae_bacterium
2023-08-08 01:52:25 INFO::Fitting model to feature number 151, Alistipes_communis
2023-08-08 01:52:25 INFO::Fitting model to feature number 152, Olsenella_sp_GAM18
2023-08-08 01:52:25 INFO::Fitting model to feature number 153, GGB3277_SGB4327
2023-08-08 01:52:25 INFO::Fitting model to feature number 154, GGB9644_SGB15121
2023-08-08 01:52:25 INFO::Fitting model to feature number 155, Blautia_sp_AF19_10LB
2023-08-08 01:52:25 INFO::Fitting model to feature number 156, Collinsella_bouchesdurhonensis
2023-08-08 01:52:25 INFO::Fitting model to feature number 157, Enterocloster_bolteae
2023-08-08 01:52:25 INFO::Fitting model to feature number 158, Prevotella_stercorea
2023-08-08 01:52:26 INFO::Fitting model to feature number 159, Eubacterium_sp_AF34_35BH
2023-08-08 01:52:26 INFO::Fitting model to feature number 160, Lacrimispora_amygdalina
2023-08-08 01:52:26 INFO::Fitting model to feature number 161, Ruminococcaceae_unclassified_SGB15234
2023-08-08 01:52:26 INFO::Fitting model to feature number 162, Sutterella_wadsworthensis
2023-08-08 01:52:26 INFO::Fitting model to feature number 163, Clostridia_unclassified_SGB20884
2023-08-08 01:52:26 INFO::Fitting model to feature number 164, GGB9699_SGB15216
2023-08-08 01:52:26 INFO::Fitting model to feature number 165, Firmicutes_bacterium_AF16_15
2023-08-08 01:52:26 INFO::Counting total values for each feature
2023-08-08 01:52:26 WARNING::Deleting existing residuals file: maaslin2_collapsed/t0/strep_exposure_Y/residuals.rds
2023-08-08 01:52:26 INFO::Writing residuals to file maaslin2_collapsed/t0/strep_exposure_Y/residuals.rds
2023-08-08 01:52:26 WARNING::Deleting existing fitted file: maaslin2_collapsed/t0/strep_exposure_Y/fitted.rds
2023-08-08 01:52:26 INFO::Writing fitted values to file maaslin2_collapsed/t0/strep_exposure_Y/fitted.rds
2023-08-08 01:52:26 INFO::Writing all results to file (ordered by increasing q-values): maaslin2_collapsed/t0/strep_exposure_Y/all_results.tsv
2023-08-08 01:52:26 INFO::Writing the significant results (those which are less than or equal to the threshold of 0.250000 ) to file (ordered by increasing q-values): maaslin2_collapsed/t0/strep_exposure_Y/significant_results.tsv
2023-08-08 01:52:26 INFO::Writing heatmap of significant results to file: maaslin2_collapsed/t0/strep_exposure_Y/heatmap.pdf
2023-08-08 01:52:26 INFO::Writing association plots (one for each significant association) to output folder: maaslin2_collapsed/t0/strep_exposure_Y
